{"/home/webreflection/code/hyperHTML/index.js":{"path":"/home/webreflection/code/hyperHTML/index.js","s":{"1":2,"2":2,"3":2,"4":1,"5":20,"6":2,"7":28,"8":32,"9":32,"10":32,"11":32,"12":2,"13":1,"14":212,"15":2,"16":2,"17":2,"18":2,"19":2,"20":1,"21":66,"22":2,"23":1,"24":2,"25":6,"26":6,"27":6,"28":4,"29":6,"30":6,"31":6,"32":11,"33":6,"34":2,"35":2,"36":2,"37":2,"38":2,"39":2,"40":2,"41":2,"42":2,"43":2,"44":2,"45":1,"46":104,"47":104,"48":104,"49":2,"50":88,"51":50,"52":88,"53":88,"54":88,"55":48,"56":34,"57":14,"58":14,"59":38,"60":48,"61":88,"62":1,"63":286,"64":286,"65":158,"66":158,"67":286,"68":286,"69":1,"70":48,"71":48,"72":12,"73":48,"74":24,"75":48,"76":30,"77":18,"78":4,"79":18,"80":18,"81":16,"82":20,"83":16,"84":16,"85":14,"86":4,"87":4,"88":10,"89":48,"90":36,"91":36,"92":34,"93":4,"94":2,"95":2,"96":30,"97":30,"98":2,"99":2,"100":1,"101":4,"102":4,"103":6,"104":4,"105":4,"106":1,"107":104,"108":104,"109":286,"110":114,"111":114,"112":46,"113":28,"114":28,"115":68,"116":68,"117":2,"118":66,"119":114,"120":4,"121":4,"122":168,"123":6,"124":6,"125":6,"126":162,"127":2,"128":162,"129":162,"130":78,"131":78,"132":4,"133":74,"134":24,"135":24,"136":10,"137":10,"138":12,"139":10,"140":10,"141":40,"142":12,"143":40,"144":4,"145":4,"146":36,"147":78,"148":4,"149":36,"150":36,"151":84,"152":24,"153":60,"154":4,"155":56,"156":10,"157":46,"158":4,"159":42,"160":4,"161":38,"162":28,"163":28,"164":28,"165":28,"166":28,"167":10,"168":4,"169":6,"170":162,"171":1,"172":120,"173":56,"174":56,"175":48,"176":48,"177":1,"178":232,"179":326,"180":326,"181":120,"182":120,"183":120,"184":66,"185":64,"186":64,"187":66,"188":140,"189":4,"190":4,"191":140,"192":2,"193":2,"194":2,"195":2,"196":2,"197":2,"198":2,"199":2,"200":2,"201":1,"202":1,"203":227,"204":2,"205":2,"206":2,"207":1,"208":4,"209":1,"210":2,"211":1,"212":64,"213":92,"214":92,"215":68,"216":64,"217":1,"218":145,"219":1,"220":140,"221":1,"222":138,"223":138,"224":138,"225":138,"226":138,"227":138,"228":65,"229":65,"230":138,"231":1,"232":1,"233":1,"234":137,"235":137,"236":73,"237":64,"238":138,"239":1,"240":2,"241":2,"242":2,"243":1,"244":1,"245":1,"246":1,"247":1,"248":1,"249":2,"250":1,"251":72,"252":1,"253":4,"254":4,"255":4,"256":1,"257":46,"258":46,"259":4,"260":4,"261":2,"262":46,"263":1,"264":10,"265":10,"266":2,"267":8,"268":2,"269":6,"270":2,"271":4,"272":1,"273":10,"274":10,"275":8,"276":1,"277":84,"278":1,"279":100,"280":1,"281":6,"282":6,"283":42,"284":18,"285":1,"286":158,"287":24,"288":1,"289":156,"290":156,"291":104,"292":104,"293":48,"294":48,"295":4,"296":4,"297":156,"298":1,"299":116,"300":2,"301":2,"302":185,"303":92,"304":2,"305":2,"306":2,"307":96,"308":64,"309":2,"310":1,"311":1,"312":1,"313":101,"314":2,"315":21,"316":2,"317":2,"318":2,"319":1,"320":227,"321":227,"322":2,"323":70,"324":5,"325":6,"326":2,"327":162,"328":390,"329":390,"330":205,"331":162,"332":101,"333":2,"334":82,"335":137,"336":137,"337":61,"338":61,"339":76,"340":76,"341":82,"342":82,"343":137,"344":82,"345":2,"346":2,"347":2,"348":38,"349":2,"350":48,"351":2,"352":2,"353":2,"354":2,"355":2,"356":2,"357":2,"358":2,"359":2,"360":209,"361":146,"362":209,"363":63,"364":2,"365":21,"366":15,"367":6,"368":15,"369":21,"370":2,"371":18,"372":12,"373":4,"374":14,"375":18,"376":1,"377":40,"378":40,"379":10,"380":10,"381":1,"382":36,"383":10,"384":26,"385":1,"386":46,"387":82,"388":8,"389":8,"390":6,"391":8,"392":8,"393":36,"394":36,"395":36,"396":36,"397":36,"398":36,"399":36,"400":36,"401":26,"402":26,"403":4,"404":10,"405":10,"406":36,"407":36,"408":6,"409":30,"410":36,"411":30,"412":36,"413":38,"414":38,"415":38,"416":46,"417":1,"418":32,"419":46,"420":46,"421":46,"422":32,"423":32,"424":1,"425":112,"426":112,"427":112,"428":112,"429":112,"430":112,"431":1,"432":116,"433":116,"434":116,"435":4,"436":4,"437":64,"438":64,"439":64,"440":48,"441":48,"442":48,"443":116,"444":92,"445":116,"446":1,"447":126,"448":110,"449":110,"450":126,"451":126,"452":1,"453":286,"454":300,"455":1,"456":158,"457":158,"458":158,"459":158,"460":126,"461":126,"462":126,"463":126,"464":32,"465":158,"466":1,"467":64,"468":1,"469":62,"470":62,"471":62,"472":1,"473":94,"474":64,"475":64,"476":8,"477":64,"478":94,"479":64,"480":14,"481":14,"482":14,"483":10,"484":10,"485":10,"486":14,"487":10,"488":2,"489":2,"490":2,"491":8,"492":2,"493":8,"494":14,"495":14,"496":14,"497":80,"498":80,"499":54,"500":54,"501":54,"502":80,"503":80,"504":1,"505":84,"506":84,"507":84,"508":84,"509":26,"510":26,"511":84,"512":46,"513":46,"514":38,"515":20,"516":84,"517":1,"518":34,"519":34,"520":34,"521":16,"522":16,"523":34,"524":1,"525":16,"526":16,"527":683,"528":683,"529":16,"530":2,"531":2,"532":2,"533":1,"534":60,"535":60,"536":26,"537":24,"538":26,"539":34,"540":4,"541":4,"542":30,"543":2,"544":104,"545":104,"546":88,"547":88,"548":88,"549":88,"550":104,"551":2,"552":1,"553":30,"554":30,"555":30,"556":30,"557":30,"558":30,"559":30,"560":30,"561":30,"562":30,"563":30,"564":30,"565":30,"566":50,"567":30,"568":46,"569":46,"570":46,"571":46,"572":46,"573":84,"574":84,"575":84,"576":84,"577":84,"578":46,"579":30,"580":1,"581":28,"582":1,"583":30,"584":30,"585":50,"586":50,"587":50,"588":50,"589":50,"590":50,"591":50,"592":42,"593":42,"594":42,"595":16,"596":8,"597":6,"598":6,"599":2,"600":2,"601":30,"602":2,"603":30,"604":2,"605":30,"606":1,"607":30,"608":30,"609":20,"610":20,"611":8,"612":8,"613":2,"614":2,"615":6,"616":6,"617":6,"618":8,"619":20,"620":2,"621":2},"b":{"1":[14,6],"2":[2,12],"3":[2,10],"4":[2,8],"5":[4,4],"6":[2,4],"7":[14,52],"8":[6,46],"9":[6,2],"10":[46,20],"11":[6,4,4],"12":[2,4],"13":[138,56],"14":[48,40],"15":[34,14],"16":[48,44],"17":[158,128],"18":[286,168],"19":[48,46,20],"20":[14,34],"21":[48,34],"22":[12,36],"23":[48,14],"24":[24,24],"25":[14,34],"26":[18,12],"27":[4,14],"28":[16,2],"29":[10,24],"30":[16,4],"31":[14,2],"32":[4,10],"33":[36,12],"34":[34,2],"35":[4,30],"36":[2,2],"37":[2,28],"38":[4,2],"39":[100,112,114,4,164,168,162],"40":[46,68],"41":[114,48],"42":[28,18],"43":[2,66],"44":[6,162],"45":[2,160],"46":[78,84],"47":[4,74],"48":[16,24,24,10,40,36],"49":[12,28],"50":[4,36],"51":[4,74],"52":[24,60],"53":[8,16],"54":[4,56],"55":[10,46],"56":[4,42],"57":[4,38],"58":[28,10],"59":[4,6],"60":[48,8],"61":[120,66,140],"62":[64,2],"63":[4,136],"64":[140,4],"65":[2,1,1],"66":[1,1],"67":[2,2],"68":[68,24],"69":[92,38],"70":[56,8],"71":[2,138],"72":[65,73],"73":[1,137],"74":[73,64],"75":[1,1],"76":[2,1],"77":[4,4],"78":[4,4],"79":[4,42],"80":[46,46],"81":[2,2],"82":[46,46],"83":[2,8],"84":[2,6],"85":[2,4],"86":[8,2],"87":[100,100],"88":[42,14],"89":[104,48,4],"90":[1,1],"91":[1,1],"92":[2,1],"93":[2,1],"94":[227,56],"95":[1,1],"96":[1,1],"97":[2,1],"98":[205,185],"99":[1,1],"100":[2,1],"101":[61,76],"102":[48,22],"103":[48,22],"104":[1,1],"105":[1,1],"106":[6,9],"107":[1,1],"108":[4,8],"109":[10,30],"110":[40,16],"111":[10,26],"112":[8,36,38],"113":[6,2],"114":[8,28],"115":[10,26],"116":[26,4,10],"117":[6,30],"118":[30,6],"119":[38,8],"120":[4,4,64,16,48],"121":[158,112],"122":[126,32],"123":[8,54],"124":[64,30],"125":[8,56],"126":[10,54],"127":[10,4],"128":[10,4],"129":[2,8],"130":[2,6],"131":[54,26],"132":[26,58],"133":[46,38],"134":[46,12],"135":[20,18],"136":[84,30],"137":[16,18],"138":[1,1],"139":[60,34],"140":[26,34],"141":[60,34],"142":[24,2],"143":[26,2],"144":[4,30],"145":[30,54],"146":[18,66],"147":[10,8],"148":[16,50],"149":[80,52],"150":[42,8],"151":[50,44,42],"152":[16,26],"153":[6,2],"154":[8,6],"155":[20,10],"156":[2,6],"157":[8,4,2],"158":[2,4],"159":[2,2]},"f":{"1":2,"2":20,"3":28,"4":32,"5":212,"6":2,"7":2,"8":66,"9":14,"10":6,"11":6,"12":4,"13":6,"14":104,"15":88,"16":286,"17":48,"18":30,"19":20,"20":48,"21":4,"22":6,"23":104,"24":286,"25":120,"26":232,"27":2,"28":2,"29":227,"30":4,"31":2,"32":64,"33":145,"34":140,"35":138,"36":2,"37":72,"38":4,"39":46,"40":10,"41":10,"42":84,"43":100,"44":6,"45":42,"46":18,"47":158,"48":156,"49":116,"50":2,"51":185,"52":92,"53":2,"54":96,"55":64,"56":1,"57":101,"58":21,"59":227,"60":70,"61":5,"62":162,"63":101,"64":82,"65":82,"66":38,"67":48,"68":2,"69":209,"70":63,"71":21,"72":21,"73":18,"74":18,"75":40,"76":36,"77":46,"78":32,"79":112,"80":116,"81":126,"82":286,"83":158,"84":64,"85":62,"86":94,"87":14,"88":14,"89":80,"90":84,"91":34,"92":16,"93":2,"94":60,"95":104,"96":88,"97":30,"98":28,"99":30,"100":30},"fnMap":{"1":{"name":"(anonymous_1)","line":1,"loc":{"start":{"line":1,"column":17},"end":{"line":1,"column":53}}},"2":{"name":"hyper","line":16,"loc":{"start":{"line":16,"column":2},"end":{"line":16,"column":23}}},"3":{"name":"adopt","line":38,"loc":{"start":{"line":38,"column":16},"end":{"line":38,"column":37}}},"4":{"name":"(anonymous_4)","line":39,"loc":{"start":{"line":39,"column":11},"end":{"line":39,"column":23}}},"5":{"name":"bind","line":50,"loc":{"start":{"line":50,"column":2},"end":{"line":50,"column":25}}},"6":{"name":"define","line":53,"loc":{"start":{"line":53,"column":17},"end":{"line":53,"column":56}}},"7":{"name":"escape","line":58,"loc":{"start":{"line":58,"column":17},"end":{"line":58,"column":39}}},"8":{"name":"wire","line":65,"loc":{"start":{"line":65,"column":2},"end":{"line":65,"column":27}}},"9":{"name":"Component","line":79,"loc":{"start":{"line":79,"column":2},"end":{"line":79,"column":23}}},"10":{"name":"(anonymous_10)","line":84,"loc":{"start":{"line":84,"column":27},"end":{"line":84,"column":40}}},"11":{"name":"(anonymous_11)","line":97,"loc":{"start":{"line":97,"column":33},"end":{"line":97,"column":45}}},"12":{"name":"(anonymous_12)","line":99,"loc":{"start":{"line":99,"column":26},"end":{"line":99,"column":38}}},"13":{"name":"(anonymous_13)","line":101,"loc":{"start":{"line":101,"column":24},"end":{"line":101,"column":41}}},"14":{"name":"Aura","line":141,"loc":{"start":{"line":141,"column":2},"end":{"line":141,"column":34}}},"15":{"name":"splice","line":147,"loc":{"start":{"line":147,"column":26},"end":{"line":147,"column":62}}},"16":{"name":"render","line":181,"loc":{"start":{"line":181,"column":2},"end":{"line":181,"column":28}}},"17":{"name":"setAttribute","line":198,"loc":{"start":{"line":198,"column":2},"end":{"line":198,"column":59}}},"18":{"name":"eventAttr","line":212,"loc":{"start":{"line":212,"column":6},"end":{"line":212,"column":35}}},"19":{"name":"specialAttr","line":220,"loc":{"start":{"line":220,"column":8},"end":{"line":220,"column":39}}},"20":{"name":"normalAttr","line":240,"loc":{"start":{"line":240,"column":8},"end":{"line":240,"column":38}}},"21":{"name":"setTextContent","line":266,"loc":{"start":{"line":266,"column":2},"end":{"line":266,"column":32}}},"22":{"name":"(anonymous_22)","line":268,"loc":{"start":{"line":268,"column":11},"end":{"line":268,"column":28}}},"23":{"name":"setAnyContent","line":278,"loc":{"start":{"line":278,"column":2},"end":{"line":278,"column":49}}},"24":{"name":"anyContent","line":280,"loc":{"start":{"line":280,"column":11},"end":{"line":280,"column":38}}},"25":{"name":"attributesSeeker","line":394,"loc":{"start":{"line":394,"column":2},"end":{"line":394,"column":48}}},"26":{"name":"hyperSeeker","line":420,"loc":{"start":{"line":420,"column":2},"end":{"line":420,"column":43}}},"27":{"name":"(anonymous_27)","line":466,"loc":{"start":{"line":466,"column":13},"end":{"line":466,"column":25}}},"28":{"name":"(anonymous_28)","line":479,"loc":{"start":{"line":479,"column":11},"end":{"line":479,"column":31}}},"29":{"name":"(anonymous_29)","line":481,"loc":{"start":{"line":481,"column":14},"end":{"line":481,"column":27}}},"30":{"name":"fnEscape","line":500,"loc":{"start":{"line":500,"column":2},"end":{"line":500,"column":23}}},"31":{"name":"asHTML","line":505,"loc":{"start":{"line":505,"column":2},"end":{"line":505,"column":24}}},"32":{"name":"createContent","line":510,"loc":{"start":{"line":510,"column":2},"end":{"line":510,"column":31}}},"33":{"name":"createDocumentFragment","line":531,"loc":{"start":{"line":531,"column":2},"end":{"line":531,"column":44}}},"34":{"name":"createFragment","line":537,"loc":{"start":{"line":537,"column":2},"end":{"line":537,"column":38}}},"35":{"name":"createHTMLFragment","line":546,"loc":{"start":{"line":546,"column":2},"end":{"line":546,"column":42}}},"36":{"name":"createSVGFragment","line":582,"loc":{"start":{"line":582,"column":2},"end":{"line":582,"column":41}}},"37":{"name":"createText","line":598,"loc":{"start":{"line":598,"column":2},"end":{"line":598,"column":34}}},"38":{"name":"getCEClass","line":604,"loc":{"start":{"line":604,"column":2},"end":{"line":604,"column":28}}},"39":{"name":"isSpecialAttribute","line":612,"loc":{"start":{"line":612,"column":2},"end":{"line":612,"column":42}}},"40":{"name":"invokeAtDistance","line":622,"loc":{"start":{"line":622,"column":2},"end":{"line":622,"column":45}}},"41":{"name":"invokeTransformer","line":636,"loc":{"start":{"line":636,"column":2},"end":{"line":636,"column":37}}},"42":{"name":"isNode_ish","line":645,"loc":{"start":{"line":645,"column":2},"end":{"line":645,"column":29}}},"43":{"name":"isPromise_ish","line":650,"loc":{"start":{"line":650,"column":2},"end":{"line":650,"column":32}}},"44":{"name":"lazyGetter","line":656,"loc":{"start":{"line":656,"column":2},"end":{"line":656,"column":32}}},"45":{"name":"(anonymous_45)","line":659,"loc":{"start":{"line":659,"column":11},"end":{"line":659,"column":23}}},"46":{"name":"(anonymous_46)","line":662,"loc":{"start":{"line":662,"column":11},"end":{"line":662,"column":28}}},"47":{"name":"removeAttributeList","line":669,"loc":{"start":{"line":669,"column":2},"end":{"line":669,"column":37}}},"48":{"name":"setContent","line":676,"loc":{"start":{"line":676,"column":2},"end":{"line":676,"column":66}}},"49":{"name":"Path","line":694,"loc":{"start":{"line":694,"column":2},"end":{"line":694,"column":34}}},"50":{"name":"(anonymous_50)","line":704,"loc":{"start":{"line":704,"column":6},"end":{"line":704,"column":18}}},"51":{"name":"(anonymous_51)","line":706,"loc":{"start":{"line":706,"column":15},"end":{"line":706,"column":30}}},"52":{"name":"(anonymous_52)","line":707,"loc":{"start":{"line":707,"column":15},"end":{"line":707,"column":37}}},"53":{"name":"(anonymous_53)","line":719,"loc":{"start":{"line":719,"column":6},"end":{"line":719,"column":18}}},"54":{"name":"(anonymous_54)","line":722,"loc":{"start":{"line":722,"column":15},"end":{"line":722,"column":30}}},"55":{"name":"(anonymous_55)","line":728,"loc":{"start":{"line":728,"column":15},"end":{"line":728,"column":37}}},"56":{"name":"(anonymous_56)","line":739,"loc":{"start":{"line":739,"column":17},"end":{"line":739,"column":29}}},"57":{"name":"(anonymous_57)","line":744,"loc":{"start":{"line":744,"column":25},"end":{"line":744,"column":38}}},"58":{"name":"(anonymous_58)","line":751,"loc":{"start":{"line":751,"column":14},"end":{"line":751,"column":26}}},"59":{"name":"unique","line":765,"loc":{"start":{"line":765,"column":2},"end":{"line":765,"column":28}}},"60":{"name":"(anonymous_60)","line":773,"loc":{"start":{"line":773,"column":6},"end":{"line":773,"column":34}}},"61":{"name":"appendNodes","line":776,"loc":{"start":{"line":776,"column":6},"end":{"line":776,"column":45}}},"62":{"name":"(anonymous_62)","line":788,"loc":{"start":{"line":788,"column":6},"end":{"line":788,"column":22}}},"63":{"name":"(anonymous_63)","line":802,"loc":{"start":{"line":802,"column":6},"end":{"line":802,"column":22}}},"64":{"name":"(anonymous_64)","line":807,"loc":{"start":{"line":807,"column":6},"end":{"line":807,"column":34}}},"65":{"name":"(anonymous_65)","line":821,"loc":{"start":{"line":821,"column":6},"end":{"line":821,"column":34}}},"66":{"name":"(anonymous_66)","line":831,"loc":{"start":{"line":831,"column":17},"end":{"line":831,"column":43}}},"67":{"name":"(anonymous_67)","line":835,"loc":{"start":{"line":835,"column":26},"end":{"line":835,"column":48}}},"68":{"name":"(anonymous_68)","line":856,"loc":{"start":{"line":856,"column":19},"end":{"line":856,"column":31}}},"69":{"name":"(anonymous_69)","line":860,"loc":{"start":{"line":860,"column":6},"end":{"line":860,"column":22}}},"70":{"name":"(anonymous_70)","line":871,"loc":{"start":{"line":871,"column":6},"end":{"line":871,"column":26}}},"71":{"name":"(anonymous_71)","line":882,"loc":{"start":{"line":882,"column":4},"end":{"line":882,"column":20}}},"72":{"name":"(anonymous_72)","line":888,"loc":{"start":{"line":888,"column":4},"end":{"line":888,"column":20}}},"73":{"name":"(anonymous_73)","line":891,"loc":{"start":{"line":891,"column":4},"end":{"line":891,"column":20}}},"74":{"name":"(anonymous_74)","line":897,"loc":{"start":{"line":897,"column":4},"end":{"line":897,"column":20}}},"75":{"name":"removePreviousText","line":900,"loc":{"start":{"line":900,"column":2},"end":{"line":900,"column":48}}},"76":{"name":"insertBefore","line":909,"loc":{"start":{"line":909,"column":2},"end":{"line":909,"column":51}}},"77":{"name":"discoverNode","line":919,"loc":{"start":{"line":919,"column":2},"end":{"line":919,"column":63}}},"78":{"name":"discoverUpdates","line":998,"loc":{"start":{"line":998,"column":2},"end":{"line":998,"column":44}}},"79":{"name":"createTemplate","line":1025,"loc":{"start":{"line":1025,"column":2},"end":{"line":1025,"column":36}}},"80":{"name":"createPath","line":1037,"loc":{"start":{"line":1037,"column":2},"end":{"line":1037,"column":28}}},"81":{"name":"createUpdates","line":1071,"loc":{"start":{"line":1071,"column":2},"end":{"line":1071,"column":42}}},"82":{"name":"update","line":1092,"loc":{"start":{"line":1092,"column":2},"end":{"line":1092,"column":20}}},"83":{"name":"upgrade","line":1100,"loc":{"start":{"line":1100,"column":2},"end":{"line":1100,"column":29}}},"84":{"name":"wireContent","line":1121,"loc":{"start":{"line":1121,"column":2},"end":{"line":1121,"column":29}}},"85":{"name":"before","line":1124,"loc":{"start":{"line":1124,"column":4},"end":{"line":1124,"column":30}}},"86":{"name":"after","line":1132,"loc":{"start":{"line":1132,"column":4},"end":{"line":1132,"column":21}}},"87":{"name":"adopt","line":1144,"loc":{"start":{"line":1144,"column":6},"end":{"line":1144,"column":30}}},"88":{"name":"(anonymous_88)","line":1150,"loc":{"start":{"line":1150,"column":20},"end":{"line":1150,"column":55}}},"89":{"name":"update","line":1171,"loc":{"start":{"line":1171,"column":6},"end":{"line":1171,"column":31}}},"90":{"name":"wireWeakly","line":1184,"loc":{"start":{"line":1184,"column":2},"end":{"line":1184,"column":33}}},"91":{"name":"lazyWire","line":1201,"loc":{"start":{"line":1201,"column":2},"end":{"line":1201,"column":29}}},"92":{"name":"hash","line":1211,"loc":{"start":{"line":1211,"column":2},"end":{"line":1211,"column":21}}},"93":{"name":"(anonymous_93)","line":1236,"loc":{"start":{"line":1236,"column":12},"end":{"line":1236,"column":24}}},"94":{"name":"majinbuu","line":1250,"loc":{"start":{"line":1250,"column":2},"end":{"line":1250,"column":40}}},"95":{"name":"aura","line":1278,"loc":{"start":{"line":1278,"column":18},"end":{"line":1278,"column":47}}},"96":{"name":"hodor","line":1280,"loc":{"start":{"line":1280,"column":18},"end":{"line":1280,"column":35}}},"97":{"name":"levenstein","line":1297,"loc":{"start":{"line":1297,"column":2},"end":{"line":1297,"column":32}}},"98":{"name":"addOperation","line":1333,"loc":{"start":{"line":1333,"column":2},"end":{"line":1333,"column":56}}},"99":{"name":"getOperations","line":1344,"loc":{"start":{"line":1344,"column":2},"end":{"line":1344,"column":37}}},"100":{"name":"performOperations","line":1387,"loc":{"start":{"line":1387,"column":2},"end":{"line":1387,"column":49}}}},"statementMap":{"1":{"start":{"line":1,"column":0},"end":{"line":1426,"column":6}},"2":{"start":{"line":11,"column":2},"end":{"line":11,"column":34}},"3":{"start":{"line":14,"column":2},"end":{"line":14,"column":22}},"4":{"start":{"line":16,"column":2},"end":{"line":33,"column":3}},"5":{"start":{"line":17,"column":4},"end":{"line":32,"column":31}},"6":{"start":{"line":38,"column":2},"end":{"line":45,"column":4}},"7":{"start":{"line":39,"column":4},"end":{"line":44,"column":6}},"8":{"start":{"line":40,"column":6},"end":{"line":40,"column":26}},"9":{"start":{"line":41,"column":6},"end":{"line":41,"column":36}},"10":{"start":{"line":42,"column":6},"end":{"line":42,"column":25}},"11":{"start":{"line":43,"column":6},"end":{"line":43,"column":18}},"12":{"start":{"line":49,"column":2},"end":{"line":49,"column":20}},"13":{"start":{"line":50,"column":2},"end":{"line":50,"column":57}},"14":{"start":{"line":50,"column":27},"end":{"line":50,"column":55}},"15":{"start":{"line":53,"column":2},"end":{"line":55,"column":4}},"16":{"start":{"line":54,"column":4},"end":{"line":54,"column":41}},"17":{"start":{"line":58,"column":2},"end":{"line":60,"column":4}},"18":{"start":{"line":59,"column":4},"end":{"line":59,"column":46}},"19":{"start":{"line":64,"column":2},"end":{"line":64,"column":20}},"20":{"start":{"line":65,"column":2},"end":{"line":72,"column":3}},"21":{"start":{"line":66,"column":4},"end":{"line":71,"column":8}},"22":{"start":{"line":78,"column":2},"end":{"line":78,"column":30}},"23":{"start":{"line":79,"column":2},"end":{"line":79,"column":25}},"24":{"start":{"line":80,"column":2},"end":{"line":111,"column":4}},"25":{"start":{"line":86,"column":8},"end":{"line":86,"column":33}},"26":{"start":{"line":87,"column":8},"end":{"line":90,"column":13}},"27":{"start":{"line":97,"column":47},"end":{"line":97,"column":72}},"28":{"start":{"line":99,"column":40},"end":{"line":99,"column":50}},"29":{"start":{"line":102,"column":8},"end":{"line":102,"column":32}},"30":{"start":{"line":103,"column":8},"end":{"line":103,"column":84}},"31":{"start":{"line":104,"column":8},"end":{"line":104,"column":58}},"32":{"start":{"line":104,"column":32},"end":{"line":104,"column":58}},"33":{"start":{"line":105,"column":8},"end":{"line":105,"column":22}},"34":{"start":{"line":122,"column":2},"end":{"line":122,"column":23}},"35":{"start":{"line":123,"column":2},"end":{"line":123,"column":25}},"36":{"start":{"line":124,"column":2},"end":{"line":124,"column":20}},"37":{"start":{"line":125,"column":2},"end":{"line":125,"column":23}},"38":{"start":{"line":126,"column":2},"end":{"line":126,"column":34}},"39":{"start":{"line":129,"column":2},"end":{"line":129,"column":44}},"40":{"start":{"line":130,"column":2},"end":{"line":130,"column":51}},"41":{"start":{"line":132,"column":2},"end":{"line":132,"column":40}},"42":{"start":{"line":133,"column":2},"end":{"line":133,"column":27}},"43":{"start":{"line":134,"column":2},"end":{"line":134,"column":61}},"44":{"start":{"line":135,"column":2},"end":{"line":135,"column":34}},"45":{"start":{"line":141,"column":2},"end":{"line":145,"column":3}},"46":{"start":{"line":142,"column":4},"end":{"line":142,"column":21}},"47":{"start":{"line":143,"column":4},"end":{"line":143,"column":33}},"48":{"start":{"line":144,"column":4},"end":{"line":144,"column":43}},"49":{"start":{"line":147,"column":2},"end":{"line":174,"column":4}},"50":{"start":{"line":148,"column":4},"end":{"line":159,"column":5}},"51":{"start":{"line":158,"column":6},"end":{"line":158,"column":28}},"52":{"start":{"line":160,"column":4},"end":{"line":160,"column":10}},"53":{"start":{"line":161,"column":4},"end":{"line":161,"column":30}},"54":{"start":{"line":162,"column":4},"end":{"line":172,"column":5}},"55":{"start":{"line":163,"column":6},"end":{"line":170,"column":7}},"56":{"start":{"line":164,"column":8},"end":{"line":164,"column":27}},"57":{"start":{"line":166,"column":8},"end":{"line":166,"column":55}},"58":{"start":{"line":167,"column":8},"end":{"line":169,"column":9}},"59":{"start":{"line":168,"column":10},"end":{"line":168,"column":42}},"60":{"start":{"line":171,"column":6},"end":{"line":171,"column":42}},"61":{"start":{"line":173,"column":4},"end":{"line":173,"column":42}},"62":{"start":{"line":181,"column":2},"end":{"line":192,"column":3}},"63":{"start":{"line":182,"column":4},"end":{"line":182,"column":33}},"64":{"start":{"line":183,"column":4},"end":{"line":189,"column":5}},"65":{"start":{"line":187,"column":6},"end":{"line":187,"column":45}},"66":{"start":{"line":188,"column":6},"end":{"line":188,"column":30}},"67":{"start":{"line":190,"column":4},"end":{"line":190,"column":43}},"68":{"start":{"line":191,"column":4},"end":{"line":191,"column":16}},"69":{"start":{"line":198,"column":2},"end":{"line":263,"column":3}},"70":{"start":{"line":199,"column":4},"end":{"line":208,"column":5}},"71":{"start":{"line":209,"column":4},"end":{"line":209,"column":73}},"72":{"start":{"line":209,"column":47},"end":{"line":209,"column":73}},"73":{"start":{"line":210,"column":4},"end":{"line":210,"column":51}},"74":{"start":{"line":210,"column":17},"end":{"line":210,"column":51}},"75":{"start":{"line":211,"column":4},"end":{"line":262,"column":8}},"76":{"start":{"line":213,"column":8},"end":{"line":217,"column":9}},"77":{"start":{"line":214,"column":10},"end":{"line":214,"column":72}},"78":{"start":{"line":214,"column":24},"end":{"line":214,"column":72}},"79":{"start":{"line":215,"column":10},"end":{"line":215,"column":30}},"80":{"start":{"line":216,"column":10},"end":{"line":216,"column":69}},"81":{"start":{"line":216,"column":24},"end":{"line":216,"column":69}},"82":{"start":{"line":221,"column":10},"end":{"line":238,"column":11}},"83":{"start":{"line":222,"column":12},"end":{"line":222,"column":32}},"84":{"start":{"line":225,"column":12},"end":{"line":237,"column":13}},"85":{"start":{"line":229,"column":14},"end":{"line":236,"column":15}},"86":{"start":{"line":232,"column":16},"end":{"line":232,"column":34}},"87":{"start":{"line":233,"column":16},"end":{"line":233,"column":43}},"88":{"start":{"line":235,"column":16},"end":{"line":235,"column":38}},"89":{"start":{"line":241,"column":10},"end":{"line":260,"column":11}},"90":{"start":{"line":242,"column":12},"end":{"line":242,"column":32}},"91":{"start":{"line":245,"column":12},"end":{"line":259,"column":13}},"92":{"start":{"line":246,"column":14},"end":{"line":258,"column":15}},"93":{"start":{"line":247,"column":16},"end":{"line":251,"column":17}},"94":{"start":{"line":249,"column":18},"end":{"line":249,"column":33}},"95":{"start":{"line":250,"column":18},"end":{"line":250,"column":54}},"96":{"start":{"line":253,"column":16},"end":{"line":253,"column":43}},"97":{"start":{"line":254,"column":16},"end":{"line":257,"column":17}},"98":{"start":{"line":255,"column":18},"end":{"line":255,"column":34}},"99":{"start":{"line":256,"column":18},"end":{"line":256,"column":51}},"100":{"start":{"line":266,"column":2},"end":{"line":274,"column":3}},"101":{"start":{"line":267,"column":4},"end":{"line":267,"column":17}},"102":{"start":{"line":268,"column":4},"end":{"line":273,"column":6}},"103":{"start":{"line":269,"column":6},"end":{"line":272,"column":7}},"104":{"start":{"line":270,"column":8},"end":{"line":270,"column":25}},"105":{"start":{"line":271,"column":8},"end":{"line":271,"column":33}},"106":{"start":{"line":278,"column":2},"end":{"line":387,"column":3}},"107":{"start":{"line":279,"column":4},"end":{"line":279,"column":17}},"108":{"start":{"line":280,"column":4},"end":{"line":386,"column":6}},"109":{"start":{"line":281,"column":6},"end":{"line":385,"column":7}},"110":{"start":{"line":285,"column":10},"end":{"line":285,"column":41}},"111":{"start":{"line":286,"column":10},"end":{"line":304,"column":11}},"112":{"start":{"line":290,"column":12},"end":{"line":293,"column":13}},"113":{"start":{"line":291,"column":14},"end":{"line":291,"column":31}},"114":{"start":{"line":292,"column":14},"end":{"line":292,"column":48}},"115":{"start":{"line":295,"column":12},"end":{"line":295,"column":29}},"116":{"start":{"line":296,"column":12},"end":{"line":303,"column":13}},"117":{"start":{"line":297,"column":14},"end":{"line":297,"column":62}},"118":{"start":{"line":299,"column":14},"end":{"line":302,"column":16}},"119":{"start":{"line":305,"column":10},"end":{"line":305,"column":16}},"120":{"start":{"line":307,"column":10},"end":{"line":307,"column":60}},"121":{"start":{"line":308,"column":10},"end":{"line":308,"column":16}},"122":{"start":{"line":311,"column":10},"end":{"line":317,"column":11}},"123":{"start":{"line":312,"column":12},"end":{"line":312,"column":29}},"124":{"start":{"line":313,"column":12},"end":{"line":313,"column":27}},"125":{"start":{"line":314,"column":12},"end":{"line":314,"column":18}},"126":{"start":{"line":315,"column":17},"end":{"line":317,"column":11}},"127":{"start":{"line":316,"column":12},"end":{"line":316,"column":35}},"128":{"start":{"line":319,"column":10},"end":{"line":319,"column":27}},"129":{"start":{"line":320,"column":10},"end":{"line":383,"column":11}},"130":{"start":{"line":321,"column":12},"end":{"line":321,"column":38}},"131":{"start":{"line":322,"column":12},"end":{"line":356,"column":13}},"132":{"start":{"line":323,"column":14},"end":{"line":323,"column":29}},"133":{"start":{"line":325,"column":14},"end":{"line":355,"column":15}},"134":{"start":{"line":329,"column":18},"end":{"line":329,"column":44}},"135":{"start":{"line":330,"column":18},"end":{"line":330,"column":24}},"136":{"start":{"line":332,"column":18},"end":{"line":332,"column":51}},"137":{"start":{"line":333,"column":18},"end":{"line":335,"column":19}},"138":{"start":{"line":334,"column":20},"end":{"line":334,"column":67}},"139":{"start":{"line":336,"column":18},"end":{"line":336,"column":60}},"140":{"start":{"line":337,"column":18},"end":{"line":337,"column":24}},"141":{"start":{"line":339,"column":18},"end":{"line":341,"column":19}},"142":{"start":{"line":340,"column":20},"end":{"line":340,"column":58}},"143":{"start":{"line":342,"column":18},"end":{"line":351,"column":19}},"144":{"start":{"line":343,"column":20},"end":{"line":343,"column":56}},"145":{"start":{"line":344,"column":20},"end":{"line":344,"column":26}},"146":{"start":{"line":346,"column":20},"end":{"line":350,"column":21}},"147":{"start":{"line":347,"column":22},"end":{"line":349,"column":23}},"148":{"start":{"line":348,"column":24},"end":{"line":348,"column":53}},"149":{"start":{"line":353,"column":18},"end":{"line":353,"column":61}},"150":{"start":{"line":354,"column":18},"end":{"line":354,"column":24}},"151":{"start":{"line":357,"column":17},"end":{"line":383,"column":11}},"152":{"start":{"line":358,"column":12},"end":{"line":364,"column":14}},"153":{"start":{"line":365,"column":17},"end":{"line":383,"column":11}},"154":{"start":{"line":366,"column":12},"end":{"line":366,"column":35}},"155":{"start":{"line":367,"column":17},"end":{"line":383,"column":11}},"156":{"start":{"line":368,"column":12},"end":{"line":368,"column":48}},"157":{"start":{"line":369,"column":17},"end":{"line":383,"column":11}},"158":{"start":{"line":370,"column":12},"end":{"line":370,"column":43}},"159":{"start":{"line":371,"column":17},"end":{"line":383,"column":11}},"160":{"start":{"line":372,"column":12},"end":{"line":372,"column":34}},"161":{"start":{"line":373,"column":17},"end":{"line":383,"column":11}},"162":{"start":{"line":374,"column":12},"end":{"line":374,"column":54}},"163":{"start":{"line":375,"column":12},"end":{"line":375,"column":27}},"164":{"start":{"line":376,"column":12},"end":{"line":376,"column":54}},"165":{"start":{"line":377,"column":12},"end":{"line":377,"column":67}},"166":{"start":{"line":378,"column":12},"end":{"line":378,"column":57}},"167":{"start":{"line":379,"column":17},"end":{"line":383,"column":11}},"168":{"start":{"line":380,"column":12},"end":{"line":380,"column":42}},"169":{"start":{"line":382,"column":12},"end":{"line":382,"column":49}},"170":{"start":{"line":384,"column":10},"end":{"line":384,"column":16}},"171":{"start":{"line":394,"column":2},"end":{"line":417,"column":3}},"172":{"start":{"line":395,"column":4},"end":{"line":416,"column":5}},"173":{"start":{"line":403,"column":6},"end":{"line":403,"column":32}},"174":{"start":{"line":404,"column":6},"end":{"line":415,"column":7}},"175":{"start":{"line":405,"column":8},"end":{"line":405,"column":76}},"176":{"start":{"line":406,"column":8},"end":{"line":414,"column":10}},"177":{"start":{"line":420,"column":2},"end":{"line":450,"column":3}},"178":{"start":{"line":421,"column":4},"end":{"line":449,"column":5}},"179":{"start":{"line":427,"column":6},"end":{"line":427,"column":28}},"180":{"start":{"line":428,"column":6},"end":{"line":448,"column":7}},"181":{"start":{"line":430,"column":10},"end":{"line":430,"column":48}},"182":{"start":{"line":431,"column":10},"end":{"line":431,"column":43}},"183":{"start":{"line":432,"column":10},"end":{"line":432,"column":16}},"184":{"start":{"line":434,"column":10},"end":{"line":437,"column":11}},"185":{"start":{"line":435,"column":12},"end":{"line":435,"column":26}},"186":{"start":{"line":436,"column":12},"end":{"line":436,"column":43}},"187":{"start":{"line":438,"column":10},"end":{"line":438,"column":16}},"188":{"start":{"line":440,"column":10},"end":{"line":446,"column":11}},"189":{"start":{"line":444,"column":12},"end":{"line":444,"column":26}},"190":{"start":{"line":445,"column":12},"end":{"line":445,"column":43}},"191":{"start":{"line":447,"column":10},"end":{"line":447,"column":16}},"192":{"start":{"line":455,"column":2},"end":{"line":455,"column":63}},"193":{"start":{"line":460,"column":2},"end":{"line":462,"column":39}},"194":{"start":{"line":466,"column":2},"end":{"line":470,"column":17}},"195":{"start":{"line":467,"column":14},"end":{"line":467,"column":57}},"196":{"start":{"line":468,"column":14},"end":{"line":468,"column":57}},"197":{"start":{"line":469,"column":14},"end":{"line":469,"column":68}},"198":{"start":{"line":474,"column":2},"end":{"line":474,"column":44}},"199":{"start":{"line":479,"column":2},"end":{"line":483,"column":4}},"200":{"start":{"line":480,"column":4},"end":{"line":481,"column":41}},"201":{"start":{"line":480,"column":52},"end":{"line":480,"column":64}},"202":{"start":{"line":481,"column":9},"end":{"line":481,"column":41}},"203":{"start":{"line":481,"column":29},"end":{"line":481,"column":38}},"204":{"start":{"line":482,"column":4},"end":{"line":482,"column":24}},"205":{"start":{"line":490,"column":2},"end":{"line":490,"column":23}},"206":{"start":{"line":493,"column":2},"end":{"line":499,"column":4}},"207":{"start":{"line":500,"column":2},"end":{"line":502,"column":3}},"208":{"start":{"line":501,"column":4},"end":{"line":501,"column":22}},"209":{"start":{"line":505,"column":2},"end":{"line":507,"column":3}},"210":{"start":{"line":506,"column":4},"end":{"line":506,"column":24}},"211":{"start":{"line":510,"column":2},"end":{"line":528,"column":3}},"212":{"start":{"line":511,"column":4},"end":{"line":526,"column":5}},"213":{"start":{"line":519,"column":6},"end":{"line":519,"column":28}},"214":{"start":{"line":520,"column":6},"end":{"line":525,"column":7}},"215":{"start":{"line":524,"column":8},"end":{"line":524,"column":28}},"216":{"start":{"line":527,"column":4},"end":{"line":527,"column":55}},"217":{"start":{"line":531,"column":2},"end":{"line":533,"column":3}},"218":{"start":{"line":532,"column":4},"end":{"line":532,"column":45}},"219":{"start":{"line":537,"column":2},"end":{"line":543,"column":3}},"220":{"start":{"line":538,"column":4},"end":{"line":542,"column":40}},"221":{"start":{"line":546,"column":2},"end":{"line":579,"column":3}},"222":{"start":{"line":547,"column":4},"end":{"line":547,"column":17}},"223":{"start":{"line":548,"column":4},"end":{"line":548,"column":38}},"224":{"start":{"line":549,"column":4},"end":{"line":549,"column":55}},"225":{"start":{"line":550,"column":4},"end":{"line":550,"column":44}},"226":{"start":{"line":551,"column":4},"end":{"line":551,"column":31}},"227":{"start":{"line":552,"column":4},"end":{"line":562,"column":5}},"228":{"start":{"line":554,"column":6},"end":{"line":554,"column":50}},"229":{"start":{"line":561,"column":6},"end":{"line":561,"column":88}},"230":{"start":{"line":563,"column":4},"end":{"line":577,"column":5}},"231":{"start":{"line":567,"column":6},"end":{"line":567,"column":31}},"232":{"start":{"line":568,"column":6},"end":{"line":568,"column":58}},"233":{"start":{"line":569,"column":6},"end":{"line":569,"column":78}},"234":{"start":{"line":571,"column":6},"end":{"line":571,"column":33}},"235":{"start":{"line":572,"column":6},"end":{"line":576,"column":7}},"236":{"start":{"line":573,"column":8},"end":{"line":573,"column":37}},"237":{"start":{"line":575,"column":8},"end":{"line":575,"column":64}},"238":{"start":{"line":578,"column":4},"end":{"line":578,"column":20}},"239":{"start":{"line":582,"column":2},"end":{"line":595,"column":3}},"240":{"start":{"line":583,"column":4},"end":{"line":583,"column":38}},"241":{"start":{"line":584,"column":4},"end":{"line":584,"column":52}},"242":{"start":{"line":585,"column":4},"end":{"line":593,"column":5}},"243":{"start":{"line":586,"column":6},"end":{"line":586,"column":52}},"244":{"start":{"line":587,"column":6},"end":{"line":587,"column":84}},"245":{"start":{"line":588,"column":6},"end":{"line":588,"column":73}},"246":{"start":{"line":590,"column":6},"end":{"line":590,"column":69}},"247":{"start":{"line":591,"column":6},"end":{"line":591,"column":33}},"248":{"start":{"line":592,"column":6},"end":{"line":592,"column":62}},"249":{"start":{"line":594,"column":4},"end":{"line":594,"column":20}},"250":{"start":{"line":598,"column":2},"end":{"line":600,"column":3}},"251":{"start":{"line":599,"column":4},"end":{"line":599,"column":51}},"252":{"start":{"line":604,"column":2},"end":{"line":608,"column":3}},"253":{"start":{"line":605,"column":4},"end":{"line":605,"column":29}},"254":{"start":{"line":606,"column":4},"end":{"line":606,"column":66}},"255":{"start":{"line":607,"column":4},"end":{"line":607,"column":53}},"256":{"start":{"line":612,"column":2},"end":{"line":619,"column":3}},"257":{"start":{"line":613,"column":4},"end":{"line":613,"column":46}},"258":{"start":{"line":614,"column":4},"end":{"line":617,"column":5}},"259":{"start":{"line":615,"column":6},"end":{"line":615,"column":35}},"260":{"start":{"line":616,"column":6},"end":{"line":616,"column":40}},"261":{"start":{"line":616,"column":17},"end":{"line":616,"column":40}},"262":{"start":{"line":618,"column":4},"end":{"line":618,"column":34}},"263":{"start":{"line":622,"column":2},"end":{"line":633,"column":3}},"264":{"start":{"line":623,"column":4},"end":{"line":623,"column":32}},"265":{"start":{"line":624,"column":4},"end":{"line":632,"column":5}},"266":{"start":{"line":625,"column":6},"end":{"line":625,"column":62}},"267":{"start":{"line":626,"column":11},"end":{"line":632,"column":5}},"268":{"start":{"line":627,"column":6},"end":{"line":627,"column":48}},"269":{"start":{"line":628,"column":11},"end":{"line":632,"column":5}},"270":{"start":{"line":629,"column":6},"end":{"line":629,"column":62}},"271":{"start":{"line":631,"column":6},"end":{"line":631,"column":63}},"272":{"start":{"line":636,"column":2},"end":{"line":642,"column":3}},"273":{"start":{"line":637,"column":4},"end":{"line":641,"column":5}},"274":{"start":{"line":638,"column":6},"end":{"line":640,"column":7}},"275":{"start":{"line":639,"column":8},"end":{"line":639,"column":46}},"276":{"start":{"line":645,"column":2},"end":{"line":647,"column":3}},"277":{"start":{"line":646,"column":4},"end":{"line":646,"column":35}},"278":{"start":{"line":650,"column":2},"end":{"line":652,"column":3}},"279":{"start":{"line":651,"column":4},"end":{"line":651,"column":44}},"280":{"start":{"line":656,"column":2},"end":{"line":666,"column":3}},"281":{"start":{"line":657,"column":4},"end":{"line":657,"column":34}},"282":{"start":{"line":658,"column":4},"end":{"line":665,"column":6}},"283":{"start":{"line":660,"column":8},"end":{"line":660,"column":66}},"284":{"start":{"line":663,"column":8},"end":{"line":663,"column":73}},"285":{"start":{"line":669,"column":2},"end":{"line":673,"column":3}},"286":{"start":{"line":670,"column":4},"end":{"line":672,"column":5}},"287":{"start":{"line":671,"column":6},"end":{"line":671,"column":41}},"288":{"start":{"line":676,"column":2},"end":{"line":691,"column":3}},"289":{"start":{"line":677,"column":4},"end":{"line":677,"column":15}},"290":{"start":{"line":678,"column":4},"end":{"line":689,"column":5}},"291":{"start":{"line":681,"column":8},"end":{"line":681,"column":81}},"292":{"start":{"line":682,"column":8},"end":{"line":682,"column":14}},"293":{"start":{"line":684,"column":8},"end":{"line":684,"column":67}},"294":{"start":{"line":685,"column":8},"end":{"line":685,"column":14}},"295":{"start":{"line":687,"column":8},"end":{"line":687,"column":40}},"296":{"start":{"line":688,"column":8},"end":{"line":688,"column":14}},"297":{"start":{"line":690,"column":4},"end":{"line":690,"column":18}},"298":{"start":{"line":694,"column":2},"end":{"line":696,"column":3}},"299":{"start":{"line":695,"column":4},"end":{"line":695,"column":60}},"300":{"start":{"line":703,"column":2},"end":{"line":715,"column":14}},"301":{"start":{"line":705,"column":8},"end":{"line":713,"column":10}},"302":{"start":{"line":706,"column":32},"end":{"line":706,"column":52}},"303":{"start":{"line":708,"column":12},"end":{"line":711,"column":15}},"304":{"start":{"line":718,"column":2},"end":{"line":733,"column":10}},"305":{"start":{"line":720,"column":8},"end":{"line":720,"column":27}},"306":{"start":{"line":721,"column":8},"end":{"line":731,"column":10}},"307":{"start":{"line":723,"column":12},"end":{"line":723,"column":37}},"308":{"start":{"line":729,"column":12},"end":{"line":729,"column":39}},"309":{"start":{"line":738,"column":2},"end":{"line":747,"column":21}},"310":{"start":{"line":740,"column":18},"end":{"line":740,"column":45}},"311":{"start":{"line":743,"column":18},"end":{"line":743,"column":44}},"312":{"start":{"line":744,"column":18},"end":{"line":746,"column":20}},"313":{"start":{"line":745,"column":20},"end":{"line":745,"column":50}},"314":{"start":{"line":750,"column":2},"end":{"line":751,"column":69}},"315":{"start":{"line":751,"column":28},"end":{"line":751,"column":66}},"316":{"start":{"line":758,"column":2},"end":{"line":758,"column":45}},"317":{"start":{"line":761,"column":2},"end":{"line":761,"column":24}},"318":{"start":{"line":764,"column":2},"end":{"line":764,"column":35}},"319":{"start":{"line":765,"column":2},"end":{"line":769,"column":3}},"320":{"start":{"line":766,"column":4},"end":{"line":766,"column":40}},"321":{"start":{"line":767,"column":4},"end":{"line":768,"column":44}},"322":{"start":{"line":772,"column":2},"end":{"line":784,"column":8}},"323":{"start":{"line":774,"column":8},"end":{"line":774,"column":44}},"324":{"start":{"line":777,"column":8},"end":{"line":783,"column":9}},"325":{"start":{"line":782,"column":10},"end":{"line":782,"column":42}},"326":{"start":{"line":787,"column":2},"end":{"line":802,"column":48}},"327":{"start":{"line":789,"column":8},"end":{"line":799,"column":9}},"328":{"start":{"line":796,"column":10},"end":{"line":796,"column":32}},"329":{"start":{"line":797,"column":10},"end":{"line":798,"column":34}},"330":{"start":{"line":798,"column":12},"end":{"line":798,"column":34}},"331":{"start":{"line":800,"column":8},"end":{"line":800,"column":24}},"332":{"start":{"line":802,"column":24},"end":{"line":802,"column":45}},"333":{"start":{"line":806,"column":2},"end":{"line":826,"column":8}},"334":{"start":{"line":808,"column":8},"end":{"line":818,"column":9}},"335":{"start":{"line":809,"column":10},"end":{"line":809,"column":27}},"336":{"start":{"line":810,"column":10},"end":{"line":817,"column":11}},"337":{"start":{"line":812,"column":14},"end":{"line":812,"column":60}},"338":{"start":{"line":813,"column":14},"end":{"line":813,"column":20}},"339":{"start":{"line":815,"column":14},"end":{"line":815,"column":53}},"340":{"start":{"line":816,"column":14},"end":{"line":816,"column":20}},"341":{"start":{"line":819,"column":8},"end":{"line":819,"column":26}},"342":{"start":{"line":822,"column":8},"end":{"line":824,"column":9}},"343":{"start":{"line":823,"column":10},"end":{"line":823,"column":54}},"344":{"start":{"line":825,"column":8},"end":{"line":825,"column":26}},"345":{"start":{"line":829,"column":2},"end":{"line":829,"column":105}},"346":{"start":{"line":830,"column":2},"end":{"line":830,"column":94}},"347":{"start":{"line":831,"column":2},"end":{"line":833,"column":4}},"348":{"start":{"line":832,"column":4},"end":{"line":832,"column":67}},"349":{"start":{"line":835,"column":2},"end":{"line":837,"column":4}},"350":{"start":{"line":836,"column":4},"end":{"line":836,"column":48}},"351":{"start":{"line":840,"column":2},"end":{"line":840,"column":28}},"352":{"start":{"line":843,"column":2},"end":{"line":843,"column":27}},"353":{"start":{"line":846,"column":2},"end":{"line":846,"column":27}},"354":{"start":{"line":849,"column":2},"end":{"line":849,"column":24}},"355":{"start":{"line":852,"column":2},"end":{"line":852,"column":25}},"356":{"start":{"line":856,"column":2},"end":{"line":874,"column":7}},"357":{"start":{"line":857,"column":4},"end":{"line":857,"column":66}},"358":{"start":{"line":858,"column":4},"end":{"line":858,"column":65}},"359":{"start":{"line":859,"column":4},"end":{"line":873,"column":8}},"360":{"start":{"line":861,"column":8},"end":{"line":868,"column":9}},"361":{"start":{"line":867,"column":10},"end":{"line":867,"column":54}},"362":{"start":{"line":869,"column":8},"end":{"line":869,"column":21}},"363":{"start":{"line":872,"column":8},"end":{"line":872,"column":40}},"364":{"start":{"line":881,"column":2},"end":{"line":888,"column":56}},"365":{"start":{"line":883,"column":6},"end":{"line":885,"column":7}},"366":{"start":{"line":884,"column":8},"end":{"line":884,"column":56}},"367":{"start":{"line":884,"column":44},"end":{"line":884,"column":56}},"368":{"start":{"line":886,"column":6},"end":{"line":886,"column":23}},"369":{"start":{"line":888,"column":22},"end":{"line":888,"column":53}},"370":{"start":{"line":890,"column":2},"end":{"line":897,"column":60}},"371":{"start":{"line":892,"column":6},"end":{"line":894,"column":7}},"372":{"start":{"line":893,"column":7},"end":{"line":893,"column":55}},"373":{"start":{"line":893,"column":43},"end":{"line":893,"column":55}},"374":{"start":{"line":895,"column":6},"end":{"line":895,"column":23}},"375":{"start":{"line":897,"column":22},"end":{"line":897,"column":57}},"376":{"start":{"line":900,"column":2},"end":{"line":906,"column":3}},"377":{"start":{"line":901,"column":4},"end":{"line":901,"column":47}},"378":{"start":{"line":902,"column":4},"end":{"line":905,"column":5}},"379":{"start":{"line":903,"column":6},"end":{"line":903,"column":46}},"380":{"start":{"line":904,"column":6},"end":{"line":904,"column":43}},"381":{"start":{"line":909,"column":2},"end":{"line":915,"column":3}},"382":{"start":{"line":910,"column":4},"end":{"line":914,"column":5}},"383":{"start":{"line":911,"column":6},"end":{"line":911,"column":45}},"384":{"start":{"line":913,"column":6},"end":{"line":913,"column":37}},"385":{"start":{"line":919,"column":2},"end":{"line":995,"column":3}},"386":{"start":{"line":920,"column":4},"end":{"line":993,"column":5}},"387":{"start":{"line":929,"column":6},"end":{"line":992,"column":7}},"388":{"start":{"line":931,"column":10},"end":{"line":931,"column":38}},"389":{"start":{"line":932,"column":10},"end":{"line":934,"column":11}},"390":{"start":{"line":933,"column":12},"end":{"line":933,"column":46}},"391":{"start":{"line":935,"column":10},"end":{"line":935,"column":47}},"392":{"start":{"line":936,"column":10},"end":{"line":936,"column":16}},"393":{"start":{"line":938,"column":10},"end":{"line":938,"column":49}},"394":{"start":{"line":939,"column":10},"end":{"line":939,"column":68}},"395":{"start":{"line":940,"column":10},"end":{"line":940,"column":55}},"396":{"start":{"line":941,"column":10},"end":{"line":941,"column":86}},"397":{"start":{"line":942,"column":10},"end":{"line":942,"column":51}},"398":{"start":{"line":943,"column":10},"end":{"line":943,"column":79}},"399":{"start":{"line":944,"column":10},"end":{"line":944,"column":47}},"400":{"start":{"line":945,"column":10},"end":{"line":960,"column":11}},"401":{"start":{"line":951,"column":14},"end":{"line":951,"column":38}},"402":{"start":{"line":952,"column":14},"end":{"line":952,"column":20}},"403":{"start":{"line":955,"column":14},"end":{"line":955,"column":25}},"404":{"start":{"line":958,"column":14},"end":{"line":958,"column":56}},"405":{"start":{"line":959,"column":14},"end":{"line":959,"column":20}},"406":{"start":{"line":961,"column":10},"end":{"line":964,"column":12}},"407":{"start":{"line":965,"column":10},"end":{"line":977,"column":11}},"408":{"start":{"line":966,"column":12},"end":{"line":970,"column":14}},"409":{"start":{"line":972,"column":12},"end":{"line":976,"column":14}},"410":{"start":{"line":978,"column":10},"end":{"line":980,"column":11}},"411":{"start":{"line":979,"column":12},"end":{"line":979,"column":51}},"412":{"start":{"line":981,"column":10},"end":{"line":981,"column":16}},"413":{"start":{"line":984,"column":10},"end":{"line":989,"column":22}},"414":{"start":{"line":990,"column":10},"end":{"line":990,"column":30}},"415":{"start":{"line":991,"column":10},"end":{"line":991,"column":16}},"416":{"start":{"line":994,"column":4},"end":{"line":994,"column":18}},"417":{"start":{"line":998,"column":2},"end":{"line":1017,"column":3}},"418":{"start":{"line":999,"column":4},"end":{"line":1014,"column":5}},"419":{"start":{"line":1006,"column":6},"end":{"line":1006,"column":22}},"420":{"start":{"line":1007,"column":6},"end":{"line":1007,"column":22}},"421":{"start":{"line":1008,"column":6},"end":{"line":1013,"column":8}},"422":{"start":{"line":1015,"column":4},"end":{"line":1015,"column":42}},"423":{"start":{"line":1016,"column":4},"end":{"line":1016,"column":19}},"424":{"start":{"line":1025,"column":2},"end":{"line":1032,"column":3}},"425":{"start":{"line":1026,"column":4},"end":{"line":1026,"column":19}},"426":{"start":{"line":1027,"column":4},"end":{"line":1027,"column":61}},"427":{"start":{"line":1028,"column":4},"end":{"line":1028,"column":50}},"428":{"start":{"line":1029,"column":4},"end":{"line":1029,"column":51}},"429":{"start":{"line":1030,"column":4},"end":{"line":1030,"column":34}},"430":{"start":{"line":1031,"column":4},"end":{"line":1031,"column":16}},"431":{"start":{"line":1037,"column":2},"end":{"line":1066,"column":3}},"432":{"start":{"line":1038,"column":4},"end":{"line":1038,"column":18}},"433":{"start":{"line":1039,"column":4},"end":{"line":1039,"column":19}},"434":{"start":{"line":1040,"column":4},"end":{"line":1057,"column":5}},"435":{"start":{"line":1043,"column":8},"end":{"line":1043,"column":26}},"436":{"start":{"line":1044,"column":8},"end":{"line":1044,"column":14}},"437":{"start":{"line":1046,"column":8},"end":{"line":1046,"column":37}},"438":{"start":{"line":1047,"column":8},"end":{"line":1050,"column":10}},"439":{"start":{"line":1051,"column":8},"end":{"line":1051,"column":14}},"440":{"start":{"line":1054,"column":8},"end":{"line":1054,"column":39}},"441":{"start":{"line":1055,"column":8},"end":{"line":1055,"column":46}},"442":{"start":{"line":1056,"column":8},"end":{"line":1056,"column":14}},"443":{"start":{"line":1058,"column":4},"end":{"line":1064,"column":5}},"444":{"start":{"line":1063,"column":6},"end":{"line":1063,"column":81}},"445":{"start":{"line":1065,"column":4},"end":{"line":1065,"column":16}},"446":{"start":{"line":1071,"column":2},"end":{"line":1089,"column":3}},"447":{"start":{"line":1072,"column":4},"end":{"line":1086,"column":5}},"448":{"start":{"line":1079,"column":6},"end":{"line":1079,"column":22}},"449":{"start":{"line":1080,"column":6},"end":{"line":1085,"column":8}},"450":{"start":{"line":1087,"column":4},"end":{"line":1087,"column":42}},"451":{"start":{"line":1088,"column":4},"end":{"line":1088,"column":19}},"452":{"start":{"line":1092,"column":2},"end":{"line":1096,"column":3}},"453":{"start":{"line":1093,"column":4},"end":{"line":1095,"column":5}},"454":{"start":{"line":1094,"column":6},"end":{"line":1094,"column":32}},"455":{"start":{"line":1100,"column":2},"end":{"line":1114,"column":3}},"456":{"start":{"line":1101,"column":4},"end":{"line":1101,"column":28}},"457":{"start":{"line":1102,"column":4},"end":{"line":1102,"column":16}},"458":{"start":{"line":1103,"column":4},"end":{"line":1104,"column":52}},"459":{"start":{"line":1105,"column":4},"end":{"line":1112,"column":5}},"460":{"start":{"line":1106,"column":6},"end":{"line":1106,"column":46}},"461":{"start":{"line":1107,"column":6},"end":{"line":1107,"column":63}},"462":{"start":{"line":1108,"column":6},"end":{"line":1108,"column":28}},"463":{"start":{"line":1109,"column":6},"end":{"line":1109,"column":33}},"464":{"start":{"line":1111,"column":6},"end":{"line":1111,"column":70}},"465":{"start":{"line":1113,"column":4},"end":{"line":1113,"column":50}},"466":{"start":{"line":1121,"column":2},"end":{"line":1181,"column":3}},"467":{"start":{"line":1122,"column":4},"end":{"line":1122,"column":71}},"468":{"start":{"line":1124,"column":4},"end":{"line":1130,"column":5}},"469":{"start":{"line":1125,"column":6},"end":{"line":1125,"column":50}},"470":{"start":{"line":1126,"column":6},"end":{"line":1128,"column":17}},"471":{"start":{"line":1129,"column":6},"end":{"line":1129,"column":31}},"472":{"start":{"line":1132,"column":4},"end":{"line":1141,"column":5}},"473":{"start":{"line":1133,"column":6},"end":{"line":1139,"column":7}},"474":{"start":{"line":1134,"column":8},"end":{"line":1134,"column":22}},"475":{"start":{"line":1135,"column":8},"end":{"line":1137,"column":9}},"476":{"start":{"line":1136,"column":10},"end":{"line":1136,"column":66}},"477":{"start":{"line":1138,"column":8},"end":{"line":1138,"column":42}},"478":{"start":{"line":1140,"column":6},"end":{"line":1140,"column":21}},"479":{"start":{"line":1143,"column":4},"end":{"line":1180,"column":8}},"480":{"start":{"line":1145,"column":8},"end":{"line":1145,"column":29}},"481":{"start":{"line":1146,"column":8},"end":{"line":1146,"column":30}},"482":{"start":{"line":1147,"column":8},"end":{"line":1168,"column":9}},"483":{"start":{"line":1148,"column":10},"end":{"line":1148,"column":23}},"484":{"start":{"line":1149,"column":10},"end":{"line":1149,"column":29}},"485":{"start":{"line":1150,"column":10},"end":{"line":1167,"column":12}},"486":{"start":{"line":1151,"column":12},"end":{"line":1164,"column":13}},"487":{"start":{"line":1152,"column":14},"end":{"line":1163,"column":15}},"488":{"start":{"line":1153,"column":16},"end":{"line":1153,"column":40}},"489":{"start":{"line":1154,"column":16},"end":{"line":1158,"column":18}},"490":{"start":{"line":1159,"column":16},"end":{"line":1159,"column":47}},"491":{"start":{"line":1161,"column":16},"end":{"line":1161,"column":66}},"492":{"start":{"line":1161,"column":53},"end":{"line":1161,"column":66}},"493":{"start":{"line":1162,"column":16},"end":{"line":1162,"column":49}},"494":{"start":{"line":1165,"column":12},"end":{"line":1165,"column":37}},"495":{"start":{"line":1166,"column":12},"end":{"line":1166,"column":27}},"496":{"start":{"line":1169,"column":8},"end":{"line":1169,"column":23}},"497":{"start":{"line":1172,"column":8},"end":{"line":1172,"column":30}},"498":{"start":{"line":1173,"column":8},"end":{"line":1177,"column":9}},"499":{"start":{"line":1174,"column":10},"end":{"line":1174,"column":23}},"500":{"start":{"line":1175,"column":10},"end":{"line":1175,"column":29}},"501":{"start":{"line":1176,"column":10},"end":{"line":1176,"column":33}},"502":{"start":{"line":1178,"column":8},"end":{"line":1178,"column":38}},"503":{"start":{"line":1179,"column":8},"end":{"line":1179,"column":23}},"504":{"start":{"line":1184,"column":2},"end":{"line":1199,"column":3}},"505":{"start":{"line":1185,"column":4},"end":{"line":1185,"column":30}},"506":{"start":{"line":1186,"column":4},"end":{"line":1186,"column":30}},"507":{"start":{"line":1187,"column":4},"end":{"line":1187,"column":18}},"508":{"start":{"line":1188,"column":4},"end":{"line":1191,"column":5}},"509":{"start":{"line":1189,"column":6},"end":{"line":1189,"column":16}},"510":{"start":{"line":1190,"column":6},"end":{"line":1190,"column":27}},"511":{"start":{"line":1192,"column":4},"end":{"line":1197,"column":5}},"512":{"start":{"line":1193,"column":6},"end":{"line":1193,"column":29}},"513":{"start":{"line":1194,"column":6},"end":{"line":1194,"column":40}},"514":{"start":{"line":1195,"column":11},"end":{"line":1197,"column":5}},"515":{"start":{"line":1196,"column":6},"end":{"line":1196,"column":56}},"516":{"start":{"line":1198,"column":4},"end":{"line":1198,"column":54}},"517":{"start":{"line":1201,"column":2},"end":{"line":1209,"column":3}},"518":{"start":{"line":1202,"column":4},"end":{"line":1202,"column":26}},"519":{"start":{"line":1203,"column":4},"end":{"line":1203,"column":34}},"520":{"start":{"line":1204,"column":4},"end":{"line":1207,"column":5}},"521":{"start":{"line":1205,"column":6},"end":{"line":1205,"column":49}},"522":{"start":{"line":1206,"column":6},"end":{"line":1206,"column":31}},"523":{"start":{"line":1208,"column":4},"end":{"line":1208,"column":79}},"524":{"start":{"line":1211,"column":2},"end":{"line":1218,"column":3}},"525":{"start":{"line":1212,"column":4},"end":{"line":1212,"column":54}},"526":{"start":{"line":1213,"column":4},"end":{"line":1216,"column":5}},"527":{"start":{"line":1214,"column":6},"end":{"line":1214,"column":34}},"528":{"start":{"line":1215,"column":6},"end":{"line":1215,"column":83}},"529":{"start":{"line":1217,"column":4},"end":{"line":1217,"column":22}},"530":{"start":{"line":1229,"column":2},"end":{"line":1229,"column":29}},"531":{"start":{"line":1234,"column":2},"end":{"line":1234,"column":15}},"532":{"start":{"line":1241,"column":2},"end":{"line":1246,"column":3}},"533":{"start":{"line":1250,"column":2},"end":{"line":1270,"column":3}},"534":{"start":{"line":1251,"column":4},"end":{"line":1255,"column":5}},"535":{"start":{"line":1256,"column":4},"end":{"line":1261,"column":5}},"536":{"start":{"line":1257,"column":6},"end":{"line":1259,"column":7}},"537":{"start":{"line":1258,"column":8},"end":{"line":1258,"column":60}},"538":{"start":{"line":1260,"column":6},"end":{"line":1260,"column":13}},"539":{"start":{"line":1262,"column":4},"end":{"line":1265,"column":5}},"540":{"start":{"line":1263,"column":6},"end":{"line":1263,"column":21}},"541":{"start":{"line":1264,"column":6},"end":{"line":1264,"column":13}},"542":{"start":{"line":1266,"column":4},"end":{"line":1269,"column":6}},"543":{"start":{"line":1278,"column":2},"end":{"line":1287,"column":4}},"544":{"start":{"line":1279,"column":4},"end":{"line":1279,"column":29}},"545":{"start":{"line":1280,"column":4},"end":{"line":1285,"column":6}},"546":{"start":{"line":1281,"column":6},"end":{"line":1281,"column":27}},"547":{"start":{"line":1282,"column":6},"end":{"line":1282,"column":60}},"548":{"start":{"line":1283,"column":6},"end":{"line":1283,"column":26}},"549":{"start":{"line":1284,"column":6},"end":{"line":1284,"column":20}},"550":{"start":{"line":1286,"column":4},"end":{"line":1286,"column":16}},"551":{"start":{"line":1289,"column":2},"end":{"line":1289,"column":18}},"552":{"start":{"line":1297,"column":2},"end":{"line":1330,"column":3}},"553":{"start":{"line":1298,"column":4},"end":{"line":1298,"column":37}},"554":{"start":{"line":1299,"column":4},"end":{"line":1299,"column":33}},"555":{"start":{"line":1300,"column":4},"end":{"line":1300,"column":37}},"556":{"start":{"line":1301,"column":4},"end":{"line":1301,"column":14}},"557":{"start":{"line":1302,"column":4},"end":{"line":1302,"column":14}},"558":{"start":{"line":1303,"column":4},"end":{"line":1303,"column":14}},"559":{"start":{"line":1304,"column":4},"end":{"line":1304,"column":14}},"560":{"start":{"line":1305,"column":4},"end":{"line":1305,"column":17}},"561":{"start":{"line":1306,"column":4},"end":{"line":1306,"column":17}},"562":{"start":{"line":1307,"column":4},"end":{"line":1307,"column":22}},"563":{"start":{"line":1308,"column":4},"end":{"line":1308,"column":36}},"564":{"start":{"line":1309,"column":4},"end":{"line":1309,"column":16}},"565":{"start":{"line":1310,"column":4},"end":{"line":1310,"column":39}},"566":{"start":{"line":1310,"column":27},"end":{"line":1310,"column":39}},"567":{"start":{"line":1311,"column":4},"end":{"line":1328,"column":5}},"568":{"start":{"line":1312,"column":6},"end":{"line":1312,"column":16}},"569":{"start":{"line":1313,"column":6},"end":{"line":1313,"column":26}},"570":{"start":{"line":1314,"column":6},"end":{"line":1314,"column":26}},"571":{"start":{"line":1315,"column":6},"end":{"line":1315,"column":25}},"572":{"start":{"line":1316,"column":6},"end":{"line":1326,"column":7}},"573":{"start":{"line":1317,"column":8},"end":{"line":1317,"column":33}},"574":{"start":{"line":1318,"column":8},"end":{"line":1318,"column":33}},"575":{"start":{"line":1319,"column":8},"end":{"line":1319,"column":58}},"576":{"start":{"line":1320,"column":8},"end":{"line":1324,"column":39}},"577":{"start":{"line":1325,"column":8},"end":{"line":1325,"column":12}},"578":{"start":{"line":1327,"column":6},"end":{"line":1327,"column":10}},"579":{"start":{"line":1329,"column":4},"end":{"line":1329,"column":16}},"580":{"start":{"line":1333,"column":2},"end":{"line":1341,"column":3}},"581":{"start":{"line":1334,"column":4},"end":{"line":1340,"column":7}},"582":{"start":{"line":1344,"column":2},"end":{"line":1384,"column":3}},"583":{"start":{"line":1345,"column":4},"end":{"line":1353,"column":5}},"584":{"start":{"line":1354,"column":4},"end":{"line":1376,"column":5}},"585":{"start":{"line":1355,"column":6},"end":{"line":1355,"column":20}},"586":{"start":{"line":1356,"column":6},"end":{"line":1356,"column":26}},"587":{"start":{"line":1357,"column":6},"end":{"line":1357,"column":28}},"588":{"start":{"line":1358,"column":6},"end":{"line":1358,"column":27}},"589":{"start":{"line":1359,"column":6},"end":{"line":1359,"column":32}},"590":{"start":{"line":1360,"column":6},"end":{"line":1360,"column":36}},"591":{"start":{"line":1361,"column":6},"end":{"line":1375,"column":7}},"592":{"start":{"line":1362,"column":8},"end":{"line":1362,"column":12}},"593":{"start":{"line":1363,"column":8},"end":{"line":1363,"column":12}},"594":{"start":{"line":1364,"column":8},"end":{"line":1366,"column":9}},"595":{"start":{"line":1365,"column":10},"end":{"line":1365,"column":58}},"596":{"start":{"line":1368,"column":11},"end":{"line":1375,"column":7}},"597":{"start":{"line":1369,"column":8},"end":{"line":1369,"column":12}},"598":{"start":{"line":1370,"column":8},"end":{"line":1370,"column":52}},"599":{"start":{"line":1373,"column":8},"end":{"line":1373,"column":12}},"600":{"start":{"line":1374,"column":8},"end":{"line":1374,"column":48}},"601":{"start":{"line":1377,"column":4},"end":{"line":1379,"column":5}},"602":{"start":{"line":1378,"column":6},"end":{"line":1378,"column":50}},"603":{"start":{"line":1380,"column":4},"end":{"line":1382,"column":5}},"604":{"start":{"line":1381,"column":6},"end":{"line":1381,"column":46}},"605":{"start":{"line":1383,"column":4},"end":{"line":1383,"column":16}},"606":{"start":{"line":1387,"column":2},"end":{"line":1412,"column":3}},"607":{"start":{"line":1388,"column":4},"end":{"line":1393,"column":5}},"608":{"start":{"line":1394,"column":4},"end":{"line":1411,"column":5}},"609":{"start":{"line":1395,"column":6},"end":{"line":1395,"column":34}},"610":{"start":{"line":1396,"column":6},"end":{"line":1409,"column":7}},"611":{"start":{"line":1397,"column":8},"end":{"line":1397,"column":31}},"612":{"start":{"line":1398,"column":8},"end":{"line":1407,"column":9}},"613":{"start":{"line":1399,"column":10},"end":{"line":1399,"column":33}},"614":{"start":{"line":1400,"column":10},"end":{"line":1400,"column":49}},"615":{"start":{"line":1402,"column":10},"end":{"line":1402,"column":80}},"616":{"start":{"line":1403,"column":10},"end":{"line":1405,"column":29}},"617":{"start":{"line":1406,"column":10},"end":{"line":1406,"column":20}},"618":{"start":{"line":1408,"column":8},"end":{"line":1408,"column":20}},"619":{"start":{"line":1410,"column":6},"end":{"line":1410,"column":76}},"620":{"start":{"line":1429,"column":0},"end":{"line":1429,"column":49}},"621":{"start":{"line":1429,"column":6},"end":{"line":1429,"column":33}}},"branchMap":{"1":{"line":17,"type":"cond-expr","locations":[{"start":{"line":18,"column":7},"end":{"line":29,"column":9}},{"start":{"line":30,"column":6},"end":{"line":32,"column":30}}]},"2":{"line":18,"type":"cond-expr","locations":[{"start":{"line":19,"column":8},"end":{"line":19,"column":27}},{"start":{"line":20,"column":9},"end":{"line":28,"column":11}}]},"3":{"line":20,"type":"cond-expr","locations":[{"start":{"line":21,"column":10},"end":{"line":21,"column":26}},{"start":{"line":22,"column":11},"end":{"line":27,"column":13}}]},"4":{"line":22,"type":"cond-expr","locations":[{"start":{"line":23,"column":12},"end":{"line":23,"column":37}},{"start":{"line":24,"column":13},"end":{"line":26,"column":38}}]},"5":{"line":24,"type":"cond-expr","locations":[{"start":{"line":25,"column":14},"end":{"line":25,"column":24}},{"start":{"line":26,"column":14},"end":{"line":26,"column":38}}]},"6":{"line":30,"type":"cond-expr","locations":[{"start":{"line":31,"column":8},"end":{"line":31,"column":27}},{"start":{"line":31,"column":30},"end":{"line":31,"column":34}}]},"7":{"line":66,"type":"cond-expr","locations":[{"start":{"line":67,"column":6},"end":{"line":67,"column":25}},{"start":{"line":68,"column":7},"end":{"line":70,"column":39}}]},"8":{"line":68,"type":"cond-expr","locations":[{"start":{"line":69,"column":8},"end":{"line":69,"column":35}},{"start":{"line":70,"column":8},"end":{"line":70,"column":39}}]},"9":{"line":69,"type":"binary-expr","locations":[{"start":{"line":69,"column":20},"end":{"line":69,"column":24}},{"start":{"line":69,"column":28},"end":{"line":69,"column":34}}]},"10":{"line":70,"type":"binary-expr","locations":[{"start":{"line":70,"column":24},"end":{"line":70,"column":28}},{"start":{"line":70,"column":32},"end":{"line":70,"column":38}}]},"11":{"line":88,"type":"binary-expr","locations":[{"start":{"line":88,"column":11},"end":{"line":88,"column":31}},{"start":{"line":88,"column":35},"end":{"line":88,"column":63}},{"start":{"line":89,"column":11},"end":{"line":89,"column":24}}]},"12":{"line":103,"type":"cond-expr","locations":[{"start":{"line":103,"column":51},"end":{"line":103,"column":75}},{"start":{"line":103,"column":78},"end":{"line":103,"column":83}}]},"13":{"line":156,"type":"binary-expr","locations":[{"start":{"line":156,"column":6},"end":{"line":156,"column":16}},{"start":{"line":156,"column":20},"end":{"line":156,"column":27}}]},"14":{"line":162,"type":"if","locations":[{"start":{"line":162,"column":4},"end":{"line":162,"column":4}},{"start":{"line":162,"column":4},"end":{"line":162,"column":4}}]},"15":{"line":163,"type":"if","locations":[{"start":{"line":163,"column":6},"end":{"line":163,"column":6}},{"start":{"line":163,"column":6},"end":{"line":163,"column":6}}]},"16":{"line":171,"type":"binary-expr","locations":[{"start":{"line":171,"column":27},"end":{"line":171,"column":34}},{"start":{"line":171,"column":38},"end":{"line":171,"column":40}}]},"17":{"line":183,"type":"if","locations":[{"start":{"line":183,"column":4},"end":{"line":183,"column":4}},{"start":{"line":183,"column":4},"end":{"line":183,"column":4}}]},"18":{"line":184,"type":"binary-expr","locations":[{"start":{"line":184,"column":6},"end":{"line":184,"column":12}},{"start":{"line":185,"column":6},"end":{"line":185,"column":37}}]},"19":{"line":202,"type":"binary-expr","locations":[{"start":{"line":202,"column":18},"end":{"line":202,"column":33}},{"start":{"line":203,"column":19},"end":{"line":203,"column":49}},{"start":{"line":204,"column":18},"end":{"line":204,"column":50}}]},"20":{"line":205,"type":"cond-expr","locations":[{"start":{"line":205,"column":23},"end":{"line":205,"column":36}},{"start":{"line":205,"column":39},"end":{"line":205,"column":41}}]},"21":{"line":206,"type":"binary-expr","locations":[{"start":{"line":206,"column":16},"end":{"line":206,"column":23}},{"start":{"line":206,"column":27},"end":{"line":206,"column":36}}]},"22":{"line":209,"type":"if","locations":[{"start":{"line":209,"column":4},"end":{"line":209,"column":4}},{"start":{"line":209,"column":4},"end":{"line":209,"column":4}}]},"23":{"line":209,"type":"binary-expr","locations":[{"start":{"line":209,"column":8},"end":{"line":209,"column":15}},{"start":{"line":209,"column":19},"end":{"line":209,"column":45}}]},"24":{"line":210,"type":"if","locations":[{"start":{"line":210,"column":4},"end":{"line":210,"column":4}},{"start":{"line":210,"column":4},"end":{"line":210,"column":4}}]},"25":{"line":211,"type":"cond-expr","locations":[{"start":{"line":212,"column":6},"end":{"line":218,"column":7}},{"start":{"line":219,"column":7},"end":{"line":261,"column":9}}]},"26":{"line":213,"type":"if","locations":[{"start":{"line":213,"column":8},"end":{"line":213,"column":8}},{"start":{"line":213,"column":8},"end":{"line":213,"column":8}}]},"27":{"line":214,"type":"if","locations":[{"start":{"line":214,"column":10},"end":{"line":214,"column":10}},{"start":{"line":214,"column":10},"end":{"line":214,"column":10}}]},"28":{"line":216,"type":"if","locations":[{"start":{"line":216,"column":10},"end":{"line":216,"column":10}},{"start":{"line":216,"column":10},"end":{"line":216,"column":10}}]},"29":{"line":219,"type":"cond-expr","locations":[{"start":{"line":220,"column":8},"end":{"line":239,"column":9}},{"start":{"line":240,"column":8},"end":{"line":261,"column":9}}]},"30":{"line":221,"type":"if","locations":[{"start":{"line":221,"column":10},"end":{"line":221,"column":10}},{"start":{"line":221,"column":10},"end":{"line":221,"column":10}}]},"31":{"line":225,"type":"if","locations":[{"start":{"line":225,"column":12},"end":{"line":225,"column":12}},{"start":{"line":225,"column":12},"end":{"line":225,"column":12}}]},"32":{"line":229,"type":"if","locations":[{"start":{"line":229,"column":14},"end":{"line":229,"column":14}},{"start":{"line":229,"column":14},"end":{"line":229,"column":14}}]},"33":{"line":241,"type":"if","locations":[{"start":{"line":241,"column":10},"end":{"line":241,"column":10}},{"start":{"line":241,"column":10},"end":{"line":241,"column":10}}]},"34":{"line":245,"type":"if","locations":[{"start":{"line":245,"column":12},"end":{"line":245,"column":12}},{"start":{"line":245,"column":12},"end":{"line":245,"column":12}}]},"35":{"line":246,"type":"if","locations":[{"start":{"line":246,"column":14},"end":{"line":246,"column":14}},{"start":{"line":246,"column":14},"end":{"line":246,"column":14}}]},"36":{"line":247,"type":"if","locations":[{"start":{"line":247,"column":16},"end":{"line":247,"column":16}},{"start":{"line":247,"column":16},"end":{"line":247,"column":16}}]},"37":{"line":254,"type":"if","locations":[{"start":{"line":254,"column":16},"end":{"line":254,"column":16}},{"start":{"line":254,"column":16},"end":{"line":254,"column":16}}]},"38":{"line":269,"type":"if","locations":[{"start":{"line":269,"column":6},"end":{"line":269,"column":6}},{"start":{"line":269,"column":6},"end":{"line":269,"column":6}}]},"39":{"line":281,"type":"switch","locations":[{"start":{"line":282,"column":8},"end":{"line":282,"column":22}},{"start":{"line":283,"column":8},"end":{"line":283,"column":22}},{"start":{"line":284,"column":8},"end":{"line":305,"column":16}},{"start":{"line":306,"column":8},"end":{"line":308,"column":16}},{"start":{"line":309,"column":8},"end":{"line":309,"column":22}},{"start":{"line":310,"column":8},"end":{"line":317,"column":11}},{"start":{"line":318,"column":8},"end":{"line":384,"column":16}}]},"40":{"line":286,"type":"if","locations":[{"start":{"line":286,"column":10},"end":{"line":286,"column":10}},{"start":{"line":286,"column":10},"end":{"line":286,"column":10}}]},"41":{"line":287,"type":"binary-expr","locations":[{"start":{"line":287,"column":12},"end":{"line":287,"column":24}},{"start":{"line":288,"column":12},"end":{"line":288,"column":48}}]},"42":{"line":290,"type":"if","locations":[{"start":{"line":290,"column":12},"end":{"line":290,"column":12}},{"start":{"line":290,"column":12},"end":{"line":290,"column":12}}]},"43":{"line":296,"type":"if","locations":[{"start":{"line":296,"column":12},"end":{"line":296,"column":12}},{"start":{"line":296,"column":12},"end":{"line":296,"column":12}}]},"44":{"line":311,"type":"if","locations":[{"start":{"line":311,"column":10},"end":{"line":311,"column":10}},{"start":{"line":311,"column":10},"end":{"line":311,"column":10}}]},"45":{"line":315,"type":"if","locations":[{"start":{"line":315,"column":17},"end":{"line":315,"column":17}},{"start":{"line":315,"column":17},"end":{"line":315,"column":17}}]},"46":{"line":320,"type":"if","locations":[{"start":{"line":320,"column":10},"end":{"line":320,"column":10}},{"start":{"line":320,"column":10},"end":{"line":320,"column":10}}]},"47":{"line":322,"type":"if","locations":[{"start":{"line":322,"column":12},"end":{"line":322,"column":12}},{"start":{"line":322,"column":12},"end":{"line":322,"column":12}}]},"48":{"line":325,"type":"switch","locations":[{"start":{"line":326,"column":16},"end":{"line":326,"column":30}},{"start":{"line":327,"column":16},"end":{"line":327,"column":30}},{"start":{"line":328,"column":16},"end":{"line":330,"column":24}},{"start":{"line":331,"column":16},"end":{"line":337,"column":24}},{"start":{"line":338,"column":16},"end":{"line":351,"column":19}},{"start":{"line":352,"column":16},"end":{"line":354,"column":24}}]},"49":{"line":339,"type":"if","locations":[{"start":{"line":339,"column":18},"end":{"line":339,"column":18}},{"start":{"line":339,"column":18},"end":{"line":339,"column":18}}]},"50":{"line":342,"type":"if","locations":[{"start":{"line":342,"column":18},"end":{"line":342,"column":18}},{"start":{"line":342,"column":18},"end":{"line":342,"column":18}}]},"51":{"line":347,"type":"if","locations":[{"start":{"line":347,"column":22},"end":{"line":347,"column":22}},{"start":{"line":347,"column":22},"end":{"line":347,"column":22}}]},"52":{"line":357,"type":"if","locations":[{"start":{"line":357,"column":17},"end":{"line":357,"column":17}},{"start":{"line":357,"column":17},"end":{"line":357,"column":17}}]},"53":{"line":360,"type":"cond-expr","locations":[{"start":{"line":361,"column":16},"end":{"line":361,"column":44}},{"start":{"line":362,"column":16},"end":{"line":362,"column":23}}]},"54":{"line":365,"type":"if","locations":[{"start":{"line":365,"column":17},"end":{"line":365,"column":17}},{"start":{"line":365,"column":17},"end":{"line":365,"column":17}}]},"55":{"line":367,"type":"if","locations":[{"start":{"line":367,"column":17},"end":{"line":367,"column":17}},{"start":{"line":367,"column":17},"end":{"line":367,"column":17}}]},"56":{"line":369,"type":"if","locations":[{"start":{"line":369,"column":17},"end":{"line":369,"column":17}},{"start":{"line":369,"column":17},"end":{"line":369,"column":17}}]},"57":{"line":371,"type":"if","locations":[{"start":{"line":371,"column":17},"end":{"line":371,"column":17}},{"start":{"line":371,"column":17},"end":{"line":371,"column":17}}]},"58":{"line":373,"type":"if","locations":[{"start":{"line":373,"column":17},"end":{"line":373,"column":17}},{"start":{"line":373,"column":17},"end":{"line":373,"column":17}}]},"59":{"line":379,"type":"if","locations":[{"start":{"line":379,"column":17},"end":{"line":379,"column":17}},{"start":{"line":379,"column":17},"end":{"line":379,"column":17}}]},"60":{"line":404,"type":"if","locations":[{"start":{"line":404,"column":6},"end":{"line":404,"column":6}},{"start":{"line":404,"column":6},"end":{"line":404,"column":6}}]},"61":{"line":428,"type":"switch","locations":[{"start":{"line":429,"column":8},"end":{"line":432,"column":16}},{"start":{"line":433,"column":8},"end":{"line":438,"column":16}},{"start":{"line":439,"column":8},"end":{"line":447,"column":16}}]},"62":{"line":434,"type":"if","locations":[{"start":{"line":434,"column":10},"end":{"line":434,"column":10}},{"start":{"line":434,"column":10},"end":{"line":434,"column":10}}]},"63":{"line":440,"type":"if","locations":[{"start":{"line":440,"column":10},"end":{"line":440,"column":10}},{"start":{"line":440,"column":10},"end":{"line":440,"column":10}}]},"64":{"line":441,"type":"binary-expr","locations":[{"start":{"line":441,"column":12},"end":{"line":441,"column":52}},{"start":{"line":442,"column":12},"end":{"line":442,"column":49}}]},"65":{"line":460,"type":"binary-expr","locations":[{"start":{"line":460,"column":11},"end":{"line":460,"column":40}},{"start":{"line":461,"column":12},"end":{"line":461,"column":54}},{"start":{"line":462,"column":12},"end":{"line":462,"column":38}}]},"66":{"line":480,"type":"if","locations":[{"start":{"line":480,"column":4},"end":{"line":480,"column":4}},{"start":{"line":480,"column":4},"end":{"line":480,"column":4}}]},"67":{"line":480,"type":"binary-expr","locations":[{"start":{"line":480,"column":8},"end":{"line":480,"column":44}},{"start":{"line":480,"column":48},"end":{"line":480,"column":50}}]},"68":{"line":520,"type":"if","locations":[{"start":{"line":520,"column":6},"end":{"line":520,"column":6}},{"start":{"line":520,"column":6},"end":{"line":520,"column":6}}]},"69":{"line":521,"type":"binary-expr","locations":[{"start":{"line":521,"column":8},"end":{"line":521,"column":39}},{"start":{"line":522,"column":8},"end":{"line":522,"column":49}}]},"70":{"line":527,"type":"cond-expr","locations":[{"start":{"line":527,"column":34},"end":{"line":527,"column":44}},{"start":{"line":527,"column":47},"end":{"line":527,"column":54}}]},"71":{"line":539,"type":"cond-expr","locations":[{"start":{"line":540,"column":8},"end":{"line":540,"column":25}},{"start":{"line":541,"column":8},"end":{"line":541,"column":26}}]},"72":{"line":552,"type":"if","locations":[{"start":{"line":552,"column":4},"end":{"line":552,"column":4}},{"start":{"line":552,"column":4},"end":{"line":552,"column":4}}]},"73":{"line":563,"type":"if","locations":[{"start":{"line":563,"column":4},"end":{"line":563,"column":4}},{"start":{"line":563,"column":4},"end":{"line":563,"column":4}}]},"74":{"line":572,"type":"if","locations":[{"start":{"line":572,"column":6},"end":{"line":572,"column":6}},{"start":{"line":572,"column":6},"end":{"line":572,"column":6}}]},"75":{"line":585,"type":"if","locations":[{"start":{"line":585,"column":4},"end":{"line":585,"column":4}},{"start":{"line":585,"column":4},"end":{"line":585,"column":4}}]},"76":{"line":585,"type":"binary-expr","locations":[{"start":{"line":585,"column":8},"end":{"line":585,"column":10}},{"start":{"line":585,"column":14},"end":{"line":585,"column":16}}]},"77":{"line":606,"type":"binary-expr","locations":[{"start":{"line":606,"column":13},"end":{"line":606,"column":31}},{"start":{"line":606,"column":35},"end":{"line":606,"column":65}}]},"78":{"line":607,"type":"binary-expr","locations":[{"start":{"line":607,"column":11},"end":{"line":607,"column":13}},{"start":{"line":607,"column":17},"end":{"line":607,"column":52}}]},"79":{"line":614,"type":"if","locations":[{"start":{"line":614,"column":4},"end":{"line":614,"column":4}},{"start":{"line":614,"column":4},"end":{"line":614,"column":4}}]},"80":{"line":614,"type":"binary-expr","locations":[{"start":{"line":614,"column":8},"end":{"line":614,"column":14}},{"start":{"line":614,"column":18},"end":{"line":614,"column":41}}]},"81":{"line":616,"type":"if","locations":[{"start":{"line":616,"column":6},"end":{"line":616,"column":6}},{"start":{"line":616,"column":6},"end":{"line":616,"column":6}}]},"82":{"line":618,"type":"binary-expr","locations":[{"start":{"line":618,"column":11},"end":{"line":618,"column":17}},{"start":{"line":618,"column":21},"end":{"line":618,"column":33}}]},"83":{"line":624,"type":"if","locations":[{"start":{"line":624,"column":4},"end":{"line":624,"column":4}},{"start":{"line":624,"column":4},"end":{"line":624,"column":4}}]},"84":{"line":626,"type":"if","locations":[{"start":{"line":626,"column":11},"end":{"line":626,"column":11}},{"start":{"line":626,"column":11},"end":{"line":626,"column":11}}]},"85":{"line":628,"type":"if","locations":[{"start":{"line":628,"column":11},"end":{"line":628,"column":11}},{"start":{"line":628,"column":11},"end":{"line":628,"column":11}}]},"86":{"line":638,"type":"if","locations":[{"start":{"line":638,"column":6},"end":{"line":638,"column":6}},{"start":{"line":638,"column":6},"end":{"line":638,"column":6}}]},"87":{"line":651,"type":"binary-expr","locations":[{"start":{"line":651,"column":11},"end":{"line":651,"column":24}},{"start":{"line":651,"column":28},"end":{"line":651,"column":43}}]},"88":{"line":660,"type":"binary-expr","locations":[{"start":{"line":660,"column":15},"end":{"line":660,"column":27}},{"start":{"line":660,"column":32},"end":{"line":660,"column":64}}]},"89":{"line":678,"type":"switch","locations":[{"start":{"line":679,"column":6},"end":{"line":682,"column":14}},{"start":{"line":683,"column":6},"end":{"line":685,"column":14}},{"start":{"line":686,"column":6},"end":{"line":688,"column":14}}]},"90":{"line":703,"type":"cond-expr","locations":[{"start":{"line":704,"column":6},"end":{"line":714,"column":7}},{"start":{"line":715,"column":6},"end":{"line":715,"column":13}}]},"91":{"line":718,"type":"cond-expr","locations":[{"start":{"line":719,"column":6},"end":{"line":732,"column":7}},{"start":{"line":733,"column":6},"end":{"line":733,"column":9}}]},"92":{"line":738,"type":"binary-expr","locations":[{"start":{"line":738,"column":16},"end":{"line":738,"column":29}},{"start":{"line":739,"column":17},"end":{"line":747,"column":19}}]},"93":{"line":750,"type":"binary-expr","locations":[{"start":{"line":750,"column":13},"end":{"line":750,"column":25}},{"start":{"line":751,"column":14},"end":{"line":751,"column":68}}]},"94":{"line":767,"type":"binary-expr","locations":[{"start":{"line":767,"column":11},"end":{"line":767,"column":31}},{"start":{"line":768,"column":11},"end":{"line":768,"column":42}}]},"95":{"line":772,"type":"cond-expr","locations":[{"start":{"line":773,"column":6},"end":{"line":775,"column":7}},{"start":{"line":776,"column":6},"end":{"line":784,"column":7}}]},"96":{"line":787,"type":"cond-expr","locations":[{"start":{"line":788,"column":6},"end":{"line":801,"column":7}},{"start":{"line":802,"column":6},"end":{"line":802,"column":47}}]},"97":{"line":787,"type":"binary-expr","locations":[{"start":{"line":787,"column":20},"end":{"line":787,"column":22}},{"start":{"line":787,"column":26},"end":{"line":787,"column":28}}]},"98":{"line":797,"type":"if","locations":[{"start":{"line":797,"column":10},"end":{"line":797,"column":10}},{"start":{"line":797,"column":10},"end":{"line":797,"column":10}}]},"99":{"line":806,"type":"cond-expr","locations":[{"start":{"line":807,"column":6},"end":{"line":820,"column":7}},{"start":{"line":821,"column":6},"end":{"line":826,"column":7}}]},"100":{"line":806,"type":"binary-expr","locations":[{"start":{"line":806,"column":16},"end":{"line":806,"column":18}},{"start":{"line":806,"column":22},"end":{"line":806,"column":24}}]},"101":{"line":810,"type":"switch","locations":[{"start":{"line":811,"column":12},"end":{"line":813,"column":20}},{"start":{"line":814,"column":12},"end":{"line":816,"column":20}}]},"102":{"line":836,"type":"binary-expr","locations":[{"start":{"line":836,"column":17},"end":{"line":836,"column":19}},{"start":{"line":836,"column":23},"end":{"line":836,"column":26}}]},"103":{"line":836,"type":"binary-expr","locations":[{"start":{"line":836,"column":37},"end":{"line":836,"column":39}},{"start":{"line":836,"column":43},"end":{"line":836,"column":46}}]},"104":{"line":859,"type":"cond-expr","locations":[{"start":{"line":860,"column":6},"end":{"line":870,"column":7}},{"start":{"line":871,"column":6},"end":{"line":873,"column":7}}]},"105":{"line":881,"type":"cond-expr","locations":[{"start":{"line":882,"column":4},"end":{"line":887,"column":5}},{"start":{"line":888,"column":4},"end":{"line":888,"column":55}}]},"106":{"line":884,"type":"if","locations":[{"start":{"line":884,"column":8},"end":{"line":884,"column":8}},{"start":{"line":884,"column":8},"end":{"line":884,"column":8}}]},"107":{"line":890,"type":"cond-expr","locations":[{"start":{"line":891,"column":4},"end":{"line":896,"column":5}},{"start":{"line":897,"column":4},"end":{"line":897,"column":59}}]},"108":{"line":893,"type":"if","locations":[{"start":{"line":893,"column":7},"end":{"line":893,"column":7}},{"start":{"line":893,"column":7},"end":{"line":893,"column":7}}]},"109":{"line":902,"type":"if","locations":[{"start":{"line":902,"column":4},"end":{"line":902,"column":4}},{"start":{"line":902,"column":4},"end":{"line":902,"column":4}}]},"110":{"line":902,"type":"binary-expr","locations":[{"start":{"line":902,"column":8},"end":{"line":902,"column":23}},{"start":{"line":902,"column":27},"end":{"line":902,"column":65}}]},"111":{"line":910,"type":"if","locations":[{"start":{"line":910,"column":4},"end":{"line":910,"column":4}},{"start":{"line":910,"column":4},"end":{"line":910,"column":4}}]},"112":{"line":929,"type":"switch","locations":[{"start":{"line":930,"column":8},"end":{"line":936,"column":16}},{"start":{"line":937,"column":8},"end":{"line":981,"column":16}},{"start":{"line":982,"column":8},"end":{"line":991,"column":16}}]},"113":{"line":932,"type":"if","locations":[{"start":{"line":932,"column":10},"end":{"line":932,"column":10}},{"start":{"line":932,"column":10},"end":{"line":932,"column":10}}]},"114":{"line":941,"type":"cond-expr","locations":[{"start":{"line":941,"column":33},"end":{"line":941,"column":79}},{"start":{"line":941,"column":83},"end":{"line":941,"column":85}}]},"115":{"line":943,"type":"cond-expr","locations":[{"start":{"line":943,"column":31},"end":{"line":943,"column":73}},{"start":{"line":943,"column":76},"end":{"line":943,"column":78}}]},"116":{"line":945,"type":"switch","locations":[{"start":{"line":950,"column":12},"end":{"line":952,"column":20}},{"start":{"line":954,"column":12},"end":{"line":955,"column":25}},{"start":{"line":957,"column":12},"end":{"line":959,"column":20}}]},"117":{"line":965,"type":"if","locations":[{"start":{"line":965,"column":10},"end":{"line":965,"column":10}},{"start":{"line":965,"column":10},"end":{"line":965,"column":10}}]},"118":{"line":978,"type":"if","locations":[{"start":{"line":978,"column":10},"end":{"line":978,"column":10}},{"start":{"line":978,"column":10},"end":{"line":978,"column":10}}]},"119":{"line":984,"type":"binary-expr","locations":[{"start":{"line":984,"column":19},"end":{"line":984,"column":51}},{"start":{"line":985,"column":20},"end":{"line":989,"column":21}}]},"120":{"line":1040,"type":"switch","locations":[{"start":{"line":1041,"column":6},"end":{"line":1041,"column":24}},{"start":{"line":1042,"column":6},"end":{"line":1044,"column":14}},{"start":{"line":1045,"column":6},"end":{"line":1051,"column":14}},{"start":{"line":1052,"column":6},"end":{"line":1052,"column":26}},{"start":{"line":1053,"column":6},"end":{"line":1056,"column":14}}]},"121":{"line":1103,"type":"binary-expr","locations":[{"start":{"line":1103,"column":16},"end":{"line":1103,"column":39}},{"start":{"line":1104,"column":16},"end":{"line":1104,"column":51}}]},"122":{"line":1105,"type":"if","locations":[{"start":{"line":1105,"column":4},"end":{"line":1105,"column":4}},{"start":{"line":1105,"column":4},"end":{"line":1105,"column":4}}]},"123":{"line":1126,"type":"cond-expr","locations":[{"start":{"line":1127,"column":8},"end":{"line":1127,"column":54}},{"start":{"line":1128,"column":8},"end":{"line":1128,"column":16}}]},"124":{"line":1133,"type":"if","locations":[{"start":{"line":1133,"column":6},"end":{"line":1133,"column":6}},{"start":{"line":1133,"column":6},"end":{"line":1133,"column":6}}]},"125":{"line":1135,"type":"if","locations":[{"start":{"line":1135,"column":8},"end":{"line":1135,"column":8}},{"start":{"line":1135,"column":8},"end":{"line":1135,"column":8}}]},"126":{"line":1143,"type":"cond-expr","locations":[{"start":{"line":1144,"column":6},"end":{"line":1170,"column":7}},{"start":{"line":1171,"column":6},"end":{"line":1180,"column":7}}]},"127":{"line":1147,"type":"if","locations":[{"start":{"line":1147,"column":8},"end":{"line":1147,"column":8}},{"start":{"line":1147,"column":8},"end":{"line":1147,"column":8}}]},"128":{"line":1151,"type":"if","locations":[{"start":{"line":1151,"column":12},"end":{"line":1151,"column":12}},{"start":{"line":1151,"column":12},"end":{"line":1151,"column":12}}]},"129":{"line":1152,"type":"if","locations":[{"start":{"line":1152,"column":14},"end":{"line":1152,"column":14}},{"start":{"line":1152,"column":14},"end":{"line":1152,"column":14}}]},"130":{"line":1161,"type":"if","locations":[{"start":{"line":1161,"column":16},"end":{"line":1161,"column":16}},{"start":{"line":1161,"column":16},"end":{"line":1161,"column":16}}]},"131":{"line":1173,"type":"if","locations":[{"start":{"line":1173,"column":8},"end":{"line":1173,"column":8}},{"start":{"line":1173,"column":8},"end":{"line":1173,"column":8}}]},"132":{"line":1188,"type":"if","locations":[{"start":{"line":1188,"column":4},"end":{"line":1188,"column":4}},{"start":{"line":1188,"column":4},"end":{"line":1188,"column":4}}]},"133":{"line":1192,"type":"if","locations":[{"start":{"line":1192,"column":4},"end":{"line":1192,"column":4}},{"start":{"line":1192,"column":4},"end":{"line":1192,"column":4}}]},"134":{"line":1194,"type":"binary-expr","locations":[{"start":{"line":1194,"column":13},"end":{"line":1194,"column":29}},{"start":{"line":1194,"column":33},"end":{"line":1194,"column":39}}]},"135":{"line":1195,"type":"if","locations":[{"start":{"line":1195,"column":11},"end":{"line":1195,"column":11}},{"start":{"line":1195,"column":11},"end":{"line":1195,"column":11}}]},"136":{"line":1198,"type":"binary-expr","locations":[{"start":{"line":1198,"column":11},"end":{"line":1198,"column":19}},{"start":{"line":1198,"column":24},"end":{"line":1198,"column":52}}]},"137":{"line":1204,"type":"if","locations":[{"start":{"line":1204,"column":4},"end":{"line":1204,"column":4}},{"start":{"line":1204,"column":4},"end":{"line":1204,"column":4}}]},"138":{"line":1245,"type":"cond-expr","locations":[{"start":{"line":1245,"column":48},"end":{"line":1245,"column":53}},{"start":{"line":1245,"column":56},"end":{"line":1245,"column":66}}]},"139":{"line":1254,"type":"binary-expr","locations":[{"start":{"line":1254,"column":18},"end":{"line":1254,"column":26}},{"start":{"line":1254,"column":30},"end":{"line":1254,"column":38}}]},"140":{"line":1256,"type":"if","locations":[{"start":{"line":1256,"column":4},"end":{"line":1256,"column":4}},{"start":{"line":1256,"column":4},"end":{"line":1256,"column":4}}]},"141":{"line":1256,"type":"binary-expr","locations":[{"start":{"line":1256,"column":8},"end":{"line":1256,"column":22}},{"start":{"line":1256,"column":26},"end":{"line":1256,"column":34}}]},"142":{"line":1257,"type":"if","locations":[{"start":{"line":1257,"column":6},"end":{"line":1257,"column":6}},{"start":{"line":1257,"column":6},"end":{"line":1257,"column":6}}]},"143":{"line":1257,"type":"binary-expr","locations":[{"start":{"line":1257,"column":10},"end":{"line":1257,"column":18}},{"start":{"line":1257,"column":22},"end":{"line":1257,"column":30}}]},"144":{"line":1262,"type":"if","locations":[{"start":{"line":1262,"column":4},"end":{"line":1262,"column":4}},{"start":{"line":1262,"column":4},"end":{"line":1262,"column":4}}]},"145":{"line":1319,"type":"cond-expr","locations":[{"start":{"line":1319,"column":51},"end":{"line":1319,"column":52}},{"start":{"line":1319,"column":55},"end":{"line":1319,"column":56}}]},"146":{"line":1320,"type":"cond-expr","locations":[{"start":{"line":1321,"column":27},"end":{"line":1322,"column":37}},{"start":{"line":1323,"column":27},"end":{"line":1324,"column":37}}]},"147":{"line":1321,"type":"cond-expr","locations":[{"start":{"line":1322,"column":28},"end":{"line":1322,"column":31}},{"start":{"line":1322,"column":34},"end":{"line":1322,"column":37}}]},"148":{"line":1323,"type":"cond-expr","locations":[{"start":{"line":1324,"column":28},"end":{"line":1324,"column":31}},{"start":{"line":1324,"column":34},"end":{"line":1324,"column":37}}]},"149":{"line":1354,"type":"binary-expr","locations":[{"start":{"line":1354,"column":11},"end":{"line":1354,"column":12}},{"start":{"line":1354,"column":16},"end":{"line":1354,"column":17}}]},"150":{"line":1361,"type":"if","locations":[{"start":{"line":1361,"column":6},"end":{"line":1361,"column":6}},{"start":{"line":1361,"column":6},"end":{"line":1361,"column":6}}]},"151":{"line":1361,"type":"binary-expr","locations":[{"start":{"line":1361,"column":10},"end":{"line":1361,"column":26}},{"start":{"line":1361,"column":30},"end":{"line":1361,"column":45}},{"start":{"line":1361,"column":49},"end":{"line":1361,"column":65}}]},"152":{"line":1364,"type":"if","locations":[{"start":{"line":1364,"column":8},"end":{"line":1364,"column":8}},{"start":{"line":1364,"column":8},"end":{"line":1364,"column":8}}]},"153":{"line":1368,"type":"if","locations":[{"start":{"line":1368,"column":11},"end":{"line":1368,"column":11}},{"start":{"line":1368,"column":11},"end":{"line":1368,"column":11}}]},"154":{"line":1368,"type":"binary-expr","locations":[{"start":{"line":1368,"column":15},"end":{"line":1368,"column":26}},{"start":{"line":1368,"column":30},"end":{"line":1368,"column":42}}]},"155":{"line":1394,"type":"if","locations":[{"start":{"line":1394,"column":4},"end":{"line":1394,"column":4}},{"start":{"line":1394,"column":4},"end":{"line":1394,"column":4}}]},"156":{"line":1398,"type":"if","locations":[{"start":{"line":1398,"column":8},"end":{"line":1398,"column":8}},{"start":{"line":1398,"column":8},"end":{"line":1398,"column":8}}]},"157":{"line":1398,"type":"binary-expr","locations":[{"start":{"line":1398,"column":12},"end":{"line":1398,"column":35}},{"start":{"line":1398,"column":39},"end":{"line":1398,"column":61}},{"start":{"line":1398,"column":65},"end":{"line":1398,"column":87}}]},"158":{"line":1403,"type":"cond-expr","locations":[{"start":{"line":1404,"column":12},"end":{"line":1404,"column":27}},{"start":{"line":1404,"column":31},"end":{"line":1405,"column":27}}]},"159":{"line":1404,"type":"cond-expr","locations":[{"start":{"line":1405,"column":14},"end":{"line":1405,"column":23}},{"start":{"line":1405,"column":26},"end":{"line":1405,"column":27}}]}}}}