TN:
SF:/home/webreflection/code/hyperHTML/index.js
FN:1,(anonymous_1)
FN:16,hyper
FN:38,adopt
FN:39,(anonymous_4)
FN:50,bind
FN:53,define
FN:58,escape
FN:65,wire
FN:79,Component
FN:84,(anonymous_10)
FN:97,(anonymous_11)
FN:99,(anonymous_12)
FN:101,(anonymous_13)
FN:141,Aura
FN:147,splice
FN:181,render
FN:198,setAttribute
FN:212,eventAttr
FN:220,specialAttr
FN:240,normalAttr
FN:266,setTextContent
FN:268,(anonymous_22)
FN:278,setAnyContent
FN:280,anyContent
FN:394,attributesSeeker
FN:420,hyperSeeker
FN:466,(anonymous_27)
FN:479,(anonymous_28)
FN:481,(anonymous_29)
FN:500,fnEscape
FN:505,asHTML
FN:510,createContent
FN:531,createDocumentFragment
FN:537,createFragment
FN:546,createHTMLFragment
FN:582,createSVGFragment
FN:598,createText
FN:604,getCEClass
FN:612,isSpecialAttribute
FN:622,invokeAtDistance
FN:636,invokeTransformer
FN:645,isNode_ish
FN:650,isPromise_ish
FN:656,lazyGetter
FN:659,(anonymous_45)
FN:662,(anonymous_46)
FN:669,removeAttributeList
FN:676,setContent
FN:694,Path
FN:704,(anonymous_50)
FN:706,(anonymous_51)
FN:707,(anonymous_52)
FN:719,(anonymous_53)
FN:722,(anonymous_54)
FN:728,(anonymous_55)
FN:739,(anonymous_56)
FN:744,(anonymous_57)
FN:751,(anonymous_58)
FN:765,unique
FN:773,(anonymous_60)
FN:776,appendNodes
FN:788,(anonymous_62)
FN:802,(anonymous_63)
FN:807,(anonymous_64)
FN:821,(anonymous_65)
FN:831,(anonymous_66)
FN:835,(anonymous_67)
FN:856,(anonymous_68)
FN:860,(anonymous_69)
FN:871,(anonymous_70)
FN:882,(anonymous_71)
FN:888,(anonymous_72)
FN:891,(anonymous_73)
FN:897,(anonymous_74)
FN:900,removePreviousText
FN:909,insertBefore
FN:919,discoverNode
FN:998,discoverUpdates
FN:1025,createTemplate
FN:1037,createPath
FN:1071,createUpdates
FN:1092,update
FN:1100,upgrade
FN:1121,wireContent
FN:1124,before
FN:1132,after
FN:1144,adopt
FN:1150,(anonymous_88)
FN:1171,update
FN:1184,wireWeakly
FN:1201,lazyWire
FN:1211,hash
FN:1236,(anonymous_93)
FN:1250,majinbuu
FN:1278,aura
FN:1280,hodor
FN:1297,levenstein
FN:1333,addOperation
FN:1344,getOperations
FN:1387,performOperations
FNF:100
FNH:100
FNDA:2,(anonymous_1)
FNDA:20,hyper
FNDA:28,adopt
FNDA:32,(anonymous_4)
FNDA:212,bind
FNDA:2,define
FNDA:2,escape
FNDA:66,wire
FNDA:14,Component
FNDA:6,(anonymous_10)
FNDA:6,(anonymous_11)
FNDA:4,(anonymous_12)
FNDA:6,(anonymous_13)
FNDA:104,Aura
FNDA:88,splice
FNDA:286,render
FNDA:48,setAttribute
FNDA:30,eventAttr
FNDA:20,specialAttr
FNDA:48,normalAttr
FNDA:4,setTextContent
FNDA:6,(anonymous_22)
FNDA:104,setAnyContent
FNDA:286,anyContent
FNDA:120,attributesSeeker
FNDA:232,hyperSeeker
FNDA:2,(anonymous_27)
FNDA:2,(anonymous_28)
FNDA:227,(anonymous_29)
FNDA:4,fnEscape
FNDA:2,asHTML
FNDA:64,createContent
FNDA:145,createDocumentFragment
FNDA:140,createFragment
FNDA:138,createHTMLFragment
FNDA:2,createSVGFragment
FNDA:72,createText
FNDA:4,getCEClass
FNDA:46,isSpecialAttribute
FNDA:10,invokeAtDistance
FNDA:10,invokeTransformer
FNDA:84,isNode_ish
FNDA:100,isPromise_ish
FNDA:6,lazyGetter
FNDA:42,(anonymous_45)
FNDA:18,(anonymous_46)
FNDA:158,removeAttributeList
FNDA:156,setContent
FNDA:116,Path
FNDA:2,(anonymous_50)
FNDA:185,(anonymous_51)
FNDA:92,(anonymous_52)
FNDA:2,(anonymous_53)
FNDA:96,(anonymous_54)
FNDA:64,(anonymous_55)
FNDA:1,(anonymous_56)
FNDA:101,(anonymous_57)
FNDA:21,(anonymous_58)
FNDA:227,unique
FNDA:70,(anonymous_60)
FNDA:5,appendNodes
FNDA:162,(anonymous_62)
FNDA:101,(anonymous_63)
FNDA:82,(anonymous_64)
FNDA:82,(anonymous_65)
FNDA:38,(anonymous_66)
FNDA:48,(anonymous_67)
FNDA:2,(anonymous_68)
FNDA:209,(anonymous_69)
FNDA:63,(anonymous_70)
FNDA:21,(anonymous_71)
FNDA:21,(anonymous_72)
FNDA:18,(anonymous_73)
FNDA:18,(anonymous_74)
FNDA:40,removePreviousText
FNDA:36,insertBefore
FNDA:46,discoverNode
FNDA:32,discoverUpdates
FNDA:112,createTemplate
FNDA:116,createPath
FNDA:126,createUpdates
FNDA:286,update
FNDA:158,upgrade
FNDA:64,wireContent
FNDA:62,before
FNDA:94,after
FNDA:14,adopt
FNDA:14,(anonymous_88)
FNDA:80,update
FNDA:84,wireWeakly
FNDA:34,lazyWire
FNDA:16,hash
FNDA:2,(anonymous_93)
FNDA:60,majinbuu
FNDA:104,aura
FNDA:88,hodor
FNDA:30,levenstein
FNDA:28,addOperation
FNDA:30,getOperations
FNDA:30,performOperations
DA:1,2
DA:11,2
DA:14,2
DA:16,1
DA:17,20
DA:38,2
DA:39,28
DA:40,32
DA:41,32
DA:42,32
DA:43,32
DA:49,2
DA:50,212
DA:53,2
DA:54,2
DA:58,2
DA:59,2
DA:64,2
DA:65,1
DA:66,66
DA:78,2
DA:79,1
DA:80,2
DA:86,6
DA:87,6
DA:97,6
DA:99,4
DA:102,6
DA:103,6
DA:104,11
DA:105,6
DA:122,2
DA:123,2
DA:124,2
DA:125,2
DA:126,2
DA:129,2
DA:130,2
DA:132,2
DA:133,2
DA:134,2
DA:135,2
DA:141,1
DA:142,104
DA:143,104
DA:144,104
DA:147,2
DA:148,88
DA:158,50
DA:160,88
DA:161,88
DA:162,88
DA:163,48
DA:164,34
DA:166,14
DA:167,14
DA:168,38
DA:171,48
DA:173,88
DA:181,1
DA:182,286
DA:183,286
DA:187,158
DA:188,158
DA:190,286
DA:191,286
DA:198,1
DA:199,48
DA:209,48
DA:210,48
DA:211,48
DA:213,30
DA:214,18
DA:215,18
DA:216,18
DA:221,20
DA:222,16
DA:225,16
DA:229,14
DA:232,4
DA:233,4
DA:235,10
DA:241,48
DA:242,36
DA:245,36
DA:246,34
DA:247,4
DA:249,2
DA:250,2
DA:253,30
DA:254,30
DA:255,2
DA:256,2
DA:266,1
DA:267,4
DA:268,4
DA:269,6
DA:270,4
DA:271,4
DA:278,1
DA:279,104
DA:280,104
DA:281,286
DA:285,114
DA:286,114
DA:290,46
DA:291,28
DA:292,28
DA:295,68
DA:296,68
DA:297,2
DA:299,66
DA:305,114
DA:307,4
DA:308,4
DA:311,168
DA:312,6
DA:313,6
DA:314,6
DA:315,162
DA:316,2
DA:319,162
DA:320,162
DA:321,78
DA:322,78
DA:323,4
DA:325,74
DA:329,24
DA:330,24
DA:332,10
DA:333,10
DA:334,12
DA:336,10
DA:337,10
DA:339,40
DA:340,12
DA:342,40
DA:343,4
DA:344,4
DA:346,36
DA:347,78
DA:348,4
DA:353,36
DA:354,36
DA:357,84
DA:358,24
DA:365,60
DA:366,4
DA:367,56
DA:368,10
DA:369,46
DA:370,4
DA:371,42
DA:372,4
DA:373,38
DA:374,28
DA:375,28
DA:376,28
DA:377,28
DA:378,28
DA:379,10
DA:380,4
DA:382,6
DA:384,162
DA:394,1
DA:395,120
DA:403,56
DA:404,56
DA:405,48
DA:406,48
DA:420,1
DA:421,232
DA:427,326
DA:428,326
DA:430,120
DA:431,120
DA:432,120
DA:434,66
DA:435,64
DA:436,64
DA:438,66
DA:440,140
DA:444,4
DA:445,4
DA:447,140
DA:455,2
DA:460,2
DA:466,2
DA:467,2
DA:468,2
DA:469,2
DA:474,2
DA:479,2
DA:480,2
DA:481,227
DA:482,2
DA:490,2
DA:493,2
DA:500,1
DA:501,4
DA:505,1
DA:506,2
DA:510,1
DA:511,64
DA:519,92
DA:520,92
DA:524,68
DA:527,64
DA:531,1
DA:532,145
DA:537,1
DA:538,140
DA:546,1
DA:547,138
DA:548,138
DA:549,138
DA:550,138
DA:551,138
DA:552,138
DA:554,65
DA:561,65
DA:563,138
DA:567,1
DA:568,1
DA:569,1
DA:571,137
DA:572,137
DA:573,73
DA:575,64
DA:578,138
DA:582,1
DA:583,2
DA:584,2
DA:585,2
DA:586,1
DA:587,1
DA:588,1
DA:590,1
DA:591,1
DA:592,1
DA:594,2
DA:598,1
DA:599,72
DA:604,1
DA:605,4
DA:606,4
DA:607,4
DA:612,1
DA:613,46
DA:614,46
DA:615,4
DA:616,4
DA:618,46
DA:622,1
DA:623,10
DA:624,10
DA:625,2
DA:626,8
DA:627,2
DA:628,6
DA:629,2
DA:631,4
DA:636,1
DA:637,10
DA:638,10
DA:639,8
DA:645,1
DA:646,84
DA:650,1
DA:651,100
DA:656,1
DA:657,6
DA:658,6
DA:660,42
DA:663,18
DA:669,1
DA:670,158
DA:671,24
DA:676,1
DA:677,156
DA:678,156
DA:681,104
DA:682,104
DA:684,48
DA:685,48
DA:687,4
DA:688,4
DA:690,156
DA:694,1
DA:695,116
DA:703,2
DA:705,2
DA:706,185
DA:708,92
DA:718,2
DA:720,2
DA:721,2
DA:723,96
DA:729,64
DA:738,2
DA:740,1
DA:743,1
DA:744,1
DA:745,101
DA:750,2
DA:751,21
DA:758,2
DA:761,2
DA:764,2
DA:765,1
DA:766,227
DA:767,227
DA:772,2
DA:774,70
DA:777,5
DA:782,6
DA:787,2
DA:789,162
DA:796,390
DA:797,390
DA:798,205
DA:800,162
DA:802,101
DA:806,2
DA:808,82
DA:809,137
DA:810,137
DA:812,61
DA:813,61
DA:815,76
DA:816,76
DA:819,82
DA:822,82
DA:823,137
DA:825,82
DA:829,2
DA:830,2
DA:831,2
DA:832,38
DA:835,2
DA:836,48
DA:840,2
DA:843,2
DA:846,2
DA:849,2
DA:852,2
DA:856,2
DA:857,2
DA:858,2
DA:859,2
DA:861,209
DA:867,146
DA:869,209
DA:872,63
DA:881,2
DA:883,21
DA:884,15
DA:886,15
DA:888,21
DA:890,2
DA:892,18
DA:893,12
DA:895,14
DA:897,18
DA:900,1
DA:901,40
DA:902,40
DA:903,10
DA:904,10
DA:909,1
DA:910,36
DA:911,10
DA:913,26
DA:919,1
DA:920,46
DA:929,82
DA:931,8
DA:932,8
DA:933,6
DA:935,8
DA:936,8
DA:938,36
DA:939,36
DA:940,36
DA:941,36
DA:942,36
DA:943,36
DA:944,36
DA:945,36
DA:951,26
DA:952,26
DA:955,4
DA:958,10
DA:959,10
DA:961,36
DA:965,36
DA:966,6
DA:972,30
DA:978,36
DA:979,30
DA:981,36
DA:984,38
DA:990,38
DA:991,38
DA:994,46
DA:998,1
DA:999,32
DA:1006,46
DA:1007,46
DA:1008,46
DA:1015,32
DA:1016,32
DA:1025,1
DA:1026,112
DA:1027,112
DA:1028,112
DA:1029,112
DA:1030,112
DA:1031,112
DA:1037,1
DA:1038,116
DA:1039,116
DA:1040,116
DA:1043,4
DA:1044,4
DA:1046,64
DA:1047,64
DA:1051,64
DA:1054,48
DA:1055,48
DA:1056,48
DA:1058,116
DA:1063,92
DA:1065,116
DA:1071,1
DA:1072,126
DA:1079,110
DA:1080,110
DA:1087,126
DA:1088,126
DA:1092,1
DA:1093,286
DA:1094,300
DA:1100,1
DA:1101,158
DA:1102,158
DA:1103,158
DA:1105,158
DA:1106,126
DA:1107,126
DA:1108,126
DA:1109,126
DA:1111,32
DA:1113,158
DA:1121,1
DA:1122,64
DA:1124,1
DA:1125,62
DA:1126,62
DA:1129,62
DA:1132,1
DA:1133,94
DA:1134,64
DA:1135,64
DA:1136,8
DA:1138,64
DA:1140,94
DA:1143,64
DA:1145,14
DA:1146,14
DA:1147,14
DA:1148,10
DA:1149,10
DA:1150,10
DA:1151,14
DA:1152,10
DA:1153,2
DA:1154,2
DA:1159,2
DA:1161,8
DA:1162,8
DA:1165,14
DA:1166,14
DA:1169,14
DA:1172,80
DA:1173,80
DA:1174,54
DA:1175,54
DA:1176,54
DA:1178,80
DA:1179,80
DA:1184,1
DA:1185,84
DA:1186,84
DA:1187,84
DA:1188,84
DA:1189,26
DA:1190,26
DA:1192,84
DA:1193,46
DA:1194,46
DA:1195,38
DA:1196,20
DA:1198,84
DA:1201,1
DA:1202,34
DA:1203,34
DA:1204,34
DA:1205,16
DA:1206,16
DA:1208,34
DA:1211,1
DA:1212,16
DA:1213,16
DA:1214,683
DA:1215,683
DA:1217,16
DA:1229,2
DA:1234,2
DA:1241,2
DA:1250,1
DA:1251,60
DA:1256,60
DA:1257,26
DA:1258,24
DA:1260,26
DA:1262,34
DA:1263,4
DA:1264,4
DA:1266,30
DA:1278,2
DA:1279,104
DA:1280,104
DA:1281,88
DA:1282,88
DA:1283,88
DA:1284,88
DA:1286,104
DA:1289,2
DA:1297,1
DA:1298,30
DA:1299,30
DA:1300,30
DA:1301,30
DA:1302,30
DA:1303,30
DA:1304,30
DA:1305,30
DA:1306,30
DA:1307,30
DA:1308,30
DA:1309,30
DA:1310,50
DA:1311,30
DA:1312,46
DA:1313,46
DA:1314,46
DA:1315,46
DA:1316,46
DA:1317,84
DA:1318,84
DA:1319,84
DA:1320,84
DA:1325,84
DA:1327,46
DA:1329,30
DA:1333,1
DA:1334,28
DA:1344,1
DA:1345,30
DA:1354,30
DA:1355,50
DA:1356,50
DA:1357,50
DA:1358,50
DA:1359,50
DA:1360,50
DA:1361,50
DA:1362,42
DA:1363,42
DA:1364,42
DA:1365,16
DA:1368,8
DA:1369,6
DA:1370,6
DA:1373,2
DA:1374,2
DA:1377,30
DA:1378,2
DA:1380,30
DA:1381,2
DA:1383,30
DA:1387,1
DA:1388,30
DA:1394,30
DA:1395,20
DA:1396,20
DA:1397,8
DA:1398,8
DA:1399,2
DA:1400,2
DA:1402,6
DA:1403,6
DA:1406,6
DA:1408,8
DA:1410,20
DA:1429,2
LF:607
LH:607
BRDA:17,1,0,14
BRDA:17,1,1,6
BRDA:18,2,0,2
BRDA:18,2,1,12
BRDA:20,3,0,2
BRDA:20,3,1,10
BRDA:22,4,0,2
BRDA:22,4,1,8
BRDA:24,5,0,4
BRDA:24,5,1,4
BRDA:30,6,0,2
BRDA:30,6,1,4
BRDA:66,7,0,14
BRDA:66,7,1,52
BRDA:68,8,0,6
BRDA:68,8,1,46
BRDA:69,9,0,6
BRDA:69,9,1,2
BRDA:70,10,0,46
BRDA:70,10,1,20
BRDA:88,11,0,6
BRDA:88,11,1,4
BRDA:88,11,2,4
BRDA:103,12,0,2
BRDA:103,12,1,4
BRDA:156,13,0,138
BRDA:156,13,1,56
BRDA:162,14,0,48
BRDA:162,14,1,40
BRDA:163,15,0,34
BRDA:163,15,1,14
BRDA:171,16,0,48
BRDA:171,16,1,44
BRDA:183,17,0,158
BRDA:183,17,1,128
BRDA:184,18,0,286
BRDA:184,18,1,168
BRDA:202,19,0,48
BRDA:202,19,1,46
BRDA:202,19,2,20
BRDA:205,20,0,14
BRDA:205,20,1,34
BRDA:206,21,0,48
BRDA:206,21,1,34
BRDA:209,22,0,12
BRDA:209,22,1,36
BRDA:209,23,0,48
BRDA:209,23,1,14
BRDA:210,24,0,24
BRDA:210,24,1,24
BRDA:211,25,0,14
BRDA:211,25,1,34
BRDA:213,26,0,18
BRDA:213,26,1,12
BRDA:214,27,0,4
BRDA:214,27,1,14
BRDA:216,28,0,16
BRDA:216,28,1,2
BRDA:219,29,0,10
BRDA:219,29,1,24
BRDA:221,30,0,16
BRDA:221,30,1,4
BRDA:225,31,0,14
BRDA:225,31,1,2
BRDA:229,32,0,4
BRDA:229,32,1,10
BRDA:241,33,0,36
BRDA:241,33,1,12
BRDA:245,34,0,34
BRDA:245,34,1,2
BRDA:246,35,0,4
BRDA:246,35,1,30
BRDA:247,36,0,2
BRDA:247,36,1,2
BRDA:254,37,0,2
BRDA:254,37,1,28
BRDA:269,38,0,4
BRDA:269,38,1,2
BRDA:281,39,0,100
BRDA:281,39,1,112
BRDA:281,39,2,114
BRDA:281,39,3,4
BRDA:281,39,4,164
BRDA:281,39,5,168
BRDA:281,39,6,162
BRDA:286,40,0,46
BRDA:286,40,1,68
BRDA:287,41,0,114
BRDA:287,41,1,48
BRDA:290,42,0,28
BRDA:290,42,1,18
BRDA:296,43,0,2
BRDA:296,43,1,66
BRDA:311,44,0,6
BRDA:311,44,1,162
BRDA:315,45,0,2
BRDA:315,45,1,160
BRDA:320,46,0,78
BRDA:320,46,1,84
BRDA:322,47,0,4
BRDA:322,47,1,74
BRDA:325,48,0,16
BRDA:325,48,1,24
BRDA:325,48,2,24
BRDA:325,48,3,10
BRDA:325,48,4,40
BRDA:325,48,5,36
BRDA:339,49,0,12
BRDA:339,49,1,28
BRDA:342,50,0,4
BRDA:342,50,1,36
BRDA:347,51,0,4
BRDA:347,51,1,74
BRDA:357,52,0,24
BRDA:357,52,1,60
BRDA:360,53,0,8
BRDA:360,53,1,16
BRDA:365,54,0,4
BRDA:365,54,1,56
BRDA:367,55,0,10
BRDA:367,55,1,46
BRDA:369,56,0,4
BRDA:369,56,1,42
BRDA:371,57,0,4
BRDA:371,57,1,38
BRDA:373,58,0,28
BRDA:373,58,1,10
BRDA:379,59,0,4
BRDA:379,59,1,6
BRDA:404,60,0,48
BRDA:404,60,1,8
BRDA:428,61,0,120
BRDA:428,61,1,66
BRDA:428,61,2,140
BRDA:434,62,0,64
BRDA:434,62,1,2
BRDA:440,63,0,4
BRDA:440,63,1,136
BRDA:441,64,0,140
BRDA:441,64,1,4
BRDA:460,65,0,2
BRDA:460,65,1,1
BRDA:460,65,2,1
BRDA:480,66,0,1
BRDA:480,66,1,1
BRDA:480,67,0,2
BRDA:480,67,1,2
BRDA:520,68,0,68
BRDA:520,68,1,24
BRDA:521,69,0,92
BRDA:521,69,1,38
BRDA:527,70,0,56
BRDA:527,70,1,8
BRDA:539,71,0,2
BRDA:539,71,1,138
BRDA:552,72,0,65
BRDA:552,72,1,73
BRDA:563,73,0,1
BRDA:563,73,1,137
BRDA:572,74,0,73
BRDA:572,74,1,64
BRDA:585,75,0,1
BRDA:585,75,1,1
BRDA:585,76,0,2
BRDA:585,76,1,1
BRDA:606,77,0,4
BRDA:606,77,1,4
BRDA:607,78,0,4
BRDA:607,78,1,4
BRDA:614,79,0,4
BRDA:614,79,1,42
BRDA:614,80,0,46
BRDA:614,80,1,46
BRDA:616,81,0,2
BRDA:616,81,1,2
BRDA:618,82,0,46
BRDA:618,82,1,46
BRDA:624,83,0,2
BRDA:624,83,1,8
BRDA:626,84,0,2
BRDA:626,84,1,6
BRDA:628,85,0,2
BRDA:628,85,1,4
BRDA:638,86,0,8
BRDA:638,86,1,2
BRDA:651,87,0,100
BRDA:651,87,1,100
BRDA:660,88,0,42
BRDA:660,88,1,14
BRDA:678,89,0,104
BRDA:678,89,1,48
BRDA:678,89,2,4
BRDA:703,90,0,1
BRDA:703,90,1,1
BRDA:718,91,0,1
BRDA:718,91,1,1
BRDA:738,92,0,2
BRDA:738,92,1,1
BRDA:750,93,0,2
BRDA:750,93,1,1
BRDA:767,94,0,227
BRDA:767,94,1,56
BRDA:772,95,0,1
BRDA:772,95,1,1
BRDA:787,96,0,1
BRDA:787,96,1,1
BRDA:787,97,0,2
BRDA:787,97,1,1
BRDA:797,98,0,205
BRDA:797,98,1,185
BRDA:806,99,0,1
BRDA:806,99,1,1
BRDA:806,100,0,2
BRDA:806,100,1,1
BRDA:810,101,0,61
BRDA:810,101,1,76
BRDA:836,102,0,48
BRDA:836,102,1,22
BRDA:836,103,0,48
BRDA:836,103,1,22
BRDA:859,104,0,1
BRDA:859,104,1,1
BRDA:881,105,0,1
BRDA:881,105,1,1
BRDA:884,106,0,6
BRDA:884,106,1,9
BRDA:890,107,0,1
BRDA:890,107,1,1
BRDA:893,108,0,4
BRDA:893,108,1,8
BRDA:902,109,0,10
BRDA:902,109,1,30
BRDA:902,110,0,40
BRDA:902,110,1,16
BRDA:910,111,0,10
BRDA:910,111,1,26
BRDA:929,112,0,8
BRDA:929,112,1,36
BRDA:929,112,2,38
BRDA:932,113,0,6
BRDA:932,113,1,2
BRDA:941,114,0,8
BRDA:941,114,1,28
BRDA:943,115,0,10
BRDA:943,115,1,26
BRDA:945,116,0,26
BRDA:945,116,1,4
BRDA:945,116,2,10
BRDA:965,117,0,6
BRDA:965,117,1,30
BRDA:978,118,0,30
BRDA:978,118,1,6
BRDA:984,119,0,38
BRDA:984,119,1,8
BRDA:1040,120,0,4
BRDA:1040,120,1,4
BRDA:1040,120,2,64
BRDA:1040,120,3,16
BRDA:1040,120,4,48
BRDA:1103,121,0,158
BRDA:1103,121,1,112
BRDA:1105,122,0,126
BRDA:1105,122,1,32
BRDA:1126,123,0,8
BRDA:1126,123,1,54
BRDA:1133,124,0,64
BRDA:1133,124,1,30
BRDA:1135,125,0,8
BRDA:1135,125,1,56
BRDA:1143,126,0,10
BRDA:1143,126,1,54
BRDA:1147,127,0,10
BRDA:1147,127,1,4
BRDA:1151,128,0,10
BRDA:1151,128,1,4
BRDA:1152,129,0,2
BRDA:1152,129,1,8
BRDA:1161,130,0,2
BRDA:1161,130,1,6
BRDA:1173,131,0,54
BRDA:1173,131,1,26
BRDA:1188,132,0,26
BRDA:1188,132,1,58
BRDA:1192,133,0,46
BRDA:1192,133,1,38
BRDA:1194,134,0,46
BRDA:1194,134,1,12
BRDA:1195,135,0,20
BRDA:1195,135,1,18
BRDA:1198,136,0,84
BRDA:1198,136,1,30
BRDA:1204,137,0,16
BRDA:1204,137,1,18
BRDA:1245,138,0,1
BRDA:1245,138,1,1
BRDA:1254,139,0,60
BRDA:1254,139,1,34
BRDA:1256,140,0,26
BRDA:1256,140,1,34
BRDA:1256,141,0,60
BRDA:1256,141,1,34
BRDA:1257,142,0,24
BRDA:1257,142,1,2
BRDA:1257,143,0,26
BRDA:1257,143,1,2
BRDA:1262,144,0,4
BRDA:1262,144,1,30
BRDA:1319,145,0,30
BRDA:1319,145,1,54
BRDA:1320,146,0,18
BRDA:1320,146,1,66
BRDA:1321,147,0,10
BRDA:1321,147,1,8
BRDA:1323,148,0,16
BRDA:1323,148,1,50
BRDA:1354,149,0,80
BRDA:1354,149,1,52
BRDA:1361,150,0,42
BRDA:1361,150,1,8
BRDA:1361,151,0,50
BRDA:1361,151,1,44
BRDA:1361,151,2,42
BRDA:1364,152,0,16
BRDA:1364,152,1,26
BRDA:1368,153,0,6
BRDA:1368,153,1,2
BRDA:1368,154,0,8
BRDA:1368,154,1,6
BRDA:1394,155,0,20
BRDA:1394,155,1,10
BRDA:1398,156,0,2
BRDA:1398,156,1,6
BRDA:1398,157,0,8
BRDA:1398,157,1,4
BRDA:1398,157,2,2
BRDA:1403,158,0,2
BRDA:1403,158,1,4
BRDA:1404,159,0,2
BRDA:1404,159,1,2
BRF:339
BRH:339
end_of_record
